<?xml version="1.0" encoding="UTF-8"?>
<testsuite name="BlockchainTest" tests="1" skipped="0" failures="0" errors="0" timestamp="2024-03-20T06:33:29" hostname="C14098" time="21.369">
  <properties/>
  <testcase name="start" classname="BlockchainTest" time="21.369"/>
  <system-out><![CDATA[?[1;31m
Start test 1?[0m
Block:
Created by : miner3
miner3 gets 100 VC
Id: 1
Timestamp: 1710916409990
Magic number: -1155484576
Hash of the previous block: 
0
Hash of the block: 
4769a0b00f06f281399e793add1c933ae02be61aff585f1f81cc9006181d97d4
Block data: 
No transaction
Block was generating for 1 seconds
N stays same

Block:
Created by : miner385
miner385 gets 100 VC
Id: 2
Timestamp: 1710916410089
Magic number: -1155484576
Hash of the previous block: 
4769a0b00f06f281399e793add1c933ae02be61aff585f1f81cc9006181d97d4
Hash of the block: 
4769a0b00f06f281399e793add1c933ae02be61aff585f1f81cc9006181d97d4
Block data: 
miner3 sent 30VC to Sherlock
miner3 sent 26VC to Bob
miner3 sent 22VC to Sherlock
Sherlock sent 29VC to miner3
Sherlock sent 3VC to Jessica
miner3 sent 44VC to Bob
Bob sent 34VC to Antonio
Antonio sent 17VC to Alice
Sherlock sent 13VC to miner3
Bob sent 22VC to Alice
miner3 sent 9VC to Jessica
Alice sent 24VC to Antonio
Sherlock sent 1VC to Alice
Jessica sent 1VC to Sherlock
Alice sent 9VC to miner3
Bob sent 8VC to Alice
Block was generating for 0 seconds
N was increased to 2

Block:
Created by : miner363
miner363 gets 100 VC
Id: 3
Timestamp: 1710916410127
Magic number: -1155484576
Hash of the previous block: 
4769a0b00f06f281399e793add1c933ae02be61aff585f1f81cc9006181d97d4
Hash of the block: 
4769a0b00f06f281399e793add1c933ae02be61aff585f1f81cc9006181d97d4
Block data: 
Sherlock sent 4VC to Antonio
Sherlock sent 3VC to miner385
miner385 sent 49VC to Alice
miner385 sent 32VC to Antonio
Antonio sent 62VC to Jessica
Alice sent 48VC to miner3
Alice sent 6VC to miner3
Block was generating for 0 seconds
N was increased to 3

Block:
Created by : miner386
miner386 gets 100 VC
Id: 4
Timestamp: 1710916410138
Magic number: -1155484576
Hash of the previous block: 
4769a0b00f06f281399e793add1c933ae02be61aff585f1f81cc9006181d97d4
Hash of the block: 
4769a0b00f06f281399e793add1c933ae02be61aff585f1f81cc9006181d97d4
Block data: 
miner363 sent 2VC to miner3
miner363 sent 80VC to Jessica
Block was generating for 0 seconds
N was increased to 4

Block:
Created by : miner380
miner380 gets 100 VC
Id: 5
Timestamp: 1710916410149
Magic number: -1155484576
Hash of the previous block: 
4769a0b00f06f281399e793add1c933ae02be61aff585f1f81cc9006181d97d4
Hash of the block: 
4769a0b00f06f281399e793add1c933ae02be61aff585f1f81cc9006181d97d4
Block data: 
miner385 sent 3VC to Alice
Jessica sent 78VC to miner3
miner386 sent 59VC to miner363
miner385 sent 12VC to Sherlock
miner3 sent 42VC to Jessica
Jessica sent 77VC to Antonio
miner386 sent 34VC to Jessica
miner386 sent 2VC to miner3
miner3 sent 31VC to Antonio
Antonio sent 5VC to miner363
miner363 sent 37VC to miner3
miner3 sent 21VC to Alice
miner3 sent 38VC to Antonio
Antonio sent 80VC to miner363
Antonio sent 7VC to miner3
miner363 sent 41VC to Alice
Alice sent 68VC to miner3
Jessica sent 65VC to miner363
Block was generating for 0 seconds
N was increased to 5

Block:
Created by : miner381
miner381 gets 100 VC
Id: 6
Timestamp: 1710916410168
Magic number: -1155484576
Hash of the previous block: 
4769a0b00f06f281399e793add1c933ae02be61aff585f1f81cc9006181d97d4
Hash of the block: 
4769a0b00f06f281399e793add1c933ae02be61aff585f1f81cc9006181d97d4
Block data: 
Jessica sent 1VC to Alice
miner363 sent 74VC to Jessica
miner380 sent 19VC to Jessica
miner363 sent 60VC to Bob
Bob sent 32VC to miner3
Jessica sent 66VC to Bob
miner3 sent 21VC to miner386
miner3 sent 25VC to Bob
miner3 sent 39VC to Jessica
Jessica sent 25VC to Bob
Bob sent 77VC to miner380
miner386 sent 22VC to miner363
Bob sent 29VC to miner3
miner3 sent 92VC to Alice
miner380 sent 92VC to miner386
Alice sent 47VC to Jessica
Bob sent 6VC to miner386
miner3 sent 7VC to miner386
miner3 sent 9VC to Jessica
miner386 sent 40VC to miner3
Jessica sent 67VC to miner363
miner363 sent 99VC to miner385
miner385 sent 73VC to Sherlock
Alice sent 52VC to miner386
Bob sent 31VC to miner363
miner386 sent 97VC to miner380
miner3 sent 10VC to miner385
Jessica sent 38VC to miner386
Antonio sent 4VC to Alice
miner380 sent 58VC to Jessica
Antonio sent 11VC to miner385
miner386 sent 38VC to miner380
Antonio sent 6VC to Jessica
miner385 sent 18VC to Sherlock
Block was generating for 0 seconds
N was increased to 6

Block:
Created by : miner379
miner379 gets 100 VC
Id: 7
Timestamp: 1710916410196
Magic number: -1155484576
Hash of the previous block: 
4769a0b00f06f281399e793add1c933ae02be61aff585f1f81cc9006181d97d4
Hash of the block: 
4769a0b00f06f281399e793add1c933ae02be61aff585f1f81cc9006181d97d4
Block data: 
Jessica sent 59VC to Bob
miner385 sent 10VC to miner380
miner380 sent 7VC to miner3
miner380 sent 78VC to Jessica
miner381 sent 53VC to Alice
Bob sent 28VC to miner363
Jessica sent 27VC to Antonio
miner386 sent 13VC to Sherlock
Block was generating for 0 seconds
N was increased to 7

Block:
Created by : miner378
miner378 gets 100 VC
Id: 8
Timestamp: 1710916410204
Magic number: -1155484576
Hash of the previous block: 
4769a0b00f06f281399e793add1c933ae02be61aff585f1f81cc9006181d97d4
Hash of the block: 
4769a0b00f06f281399e793add1c933ae02be61aff585f1f81cc9006181d97d4
Block data: 
Sherlock sent 25VC to miner386
Alice sent 27VC to miner363
miner380 sent 48VC to miner3
miner363 sent 84VC to miner379
Antonio sent 34VC to miner380
miner3 sent 30VC to miner381
Antonio sent 10VC to miner381
miner381 sent 62VC to Jessica
Bob sent 27VC to miner380
Jessica sent 92VC to miner385
miner3 sent 59VC to Jessica
miner381 sent 25VC to Bob
miner386 sent 16VC to miner380
miner380 sent 96VC to miner3
Sherlock sent 50VC to Jessica
miner379 sent 94VC to Jessica
miner379 sent 2VC to miner381
miner379 sent 18VC to Sherlock
miner3 sent 38VC to miner381
Block was generating for 0 seconds
N was increased to 8

Block:
Created by : miner371
miner371 gets 100 VC
Id: 9
Timestamp: 1710916410219
Magic number: -1155484576
Hash of the previous block: 
4769a0b00f06f281399e793add1c933ae02be61aff585f1f81cc9006181d97d4
Hash of the block: 
4769a0b00f06f281399e793add1c933ae02be61aff585f1f81cc9006181d97d4
Block data: 
miner385 sent 48VC to Sherlock
Jessica sent 79VC to Antonio
miner379 sent 45VC to miner380
Antonio sent 94VC to Jessica
miner379 sent 13VC to Jessica
miner385 sent 14VC to Sherlock
Bob sent 10VC to miner385
Sherlock sent 94VC to miner381
miner378 sent 41VC to miner386
miner386 sent 28VC to miner380
miner381 sent 9VC to Jessica
miner386 sent 21VC to Alice
Jessica sent 97VC to miner381
miner3 sent 4VC to Sherlock
miner380 sent 17VC to Jessica
Alice sent 49VC to miner363
miner380 sent 30VC to miner378
miner378 sent 19VC to Jessica
Jessica sent 44VC to miner378
miner378 sent 66VC to miner363
Sherlock sent 2VC to Antonio
miner381 sent 61VC to miner386
Jessica sent 84VC to miner380
miner381 sent 31VC to miner386
miner386 sent 59VC to Sherlock
Block was generating for 0 seconds
N was increased to 9

Block:
Created by : miner815
miner815 gets 100 VC
Id: 10
Timestamp: 1710916410235
Magic number: -1155484576
Hash of the previous block: 
4769a0b00f06f281399e793add1c933ae02be61aff585f1f81cc9006181d97d4
Hash of the block: 
2fa1beedc80fddfd92bb70aabfd75d55e6bdfa5e0e7e20bb251d2dc48acac960
Block data: 
miner3 sent 41VC to Alice
Sherlock sent 72VC to Bob
miner385 sent 18VC to Antonio
miner380 sent 87VC to miner386
miner381 sent 5VC to miner371
miner386 sent 56VC to miner380
miner378 sent 20VC to miner385
miner380 sent 19VC to miner363
miner385 sent 30VC to Bob
miner386 sent 74VC to miner363
Antonio sent 23VC to Bob
Alice sent 6VC to Jessica
Bob sent 1VC to Antonio
Antonio sent 9VC to miner3
miner380 sent 16VC to miner363
miner385 sent 7VC to miner379
Bob sent 64VC to Alice
miner378 sent 14VC to miner385
miner363 sent 62VC to miner386
miner380 sent 10VC to Alice
Bob sent 16VC to miner385
Sherlock sent 13VC to miner3
miner371 sent 33VC to Alice
miner380 sent 1VC to Alice
miner378 sent 3VC to miner379
miner386 sent 42VC to Antonio
Block was generating for 0 seconds
N was increased to 10

Block:
Created by : miner377
miner377 gets 100 VC
Id: 11
Timestamp: 1710916410252
Magic number: -1155484576
Hash of the previous block: 
2fa1beedc80fddfd92bb70aabfd75d55e6bdfa5e0e7e20bb251d2dc48acac960
Hash of the block: 
4769a0b00f06f281399e793add1c933ae02be61aff585f1f81cc9006181d97d4
Block data: 
Antonio sent 38VC to miner815
miner381 sent 66VC to Sherlock
miner815 sent 39VC to Bob
Alice sent 59VC to miner815
Bob sent 85VC to Sherlock
Bob sent 8VC to miner371
Jessica sent 57VC to miner378
miner378 sent 68VC to miner385
miner386 sent 2VC to Antonio
miner815 sent 93VC to miner385
miner380 sent 6VC to miner381
miner386 sent 1VC to miner381
Sherlock sent 74VC to Bob
Jessica sent 19VC to miner380
Bob sent 11VC to Alice
miner371 sent 61VC to miner386
Bob sent 21VC to Jessica
miner815 sent 18VC to miner363
miner363 sent 19VC to miner385
Bob sent 8VC to Antonio
miner371 sent 4VC to miner378
miner385 sent 81VC to miner386
miner371 sent 12VC to miner815
miner363 sent 7VC to miner386
Bob sent 17VC to miner363
Sherlock sent 22VC to miner381
Sherlock sent 39VC to miner381
miner386 sent 6VC to Sherlock
miner386 sent 65VC to Sherlock
miner386 sent 69VC to miner3
miner381 sent 37VC to miner371
miner386 sent 4VC to Sherlock
Block was generating for 0 seconds
N was increased to 11

Block:
Created by : miner376
miner376 gets 100 VC
Id: 12
Timestamp: 1710916410272
Magic number: -1155484576
Hash of the previous block: 
4769a0b00f06f281399e793add1c933ae02be61aff585f1f81cc9006181d97d4
Hash of the block: 
4769a0b00f06f281399e793add1c933ae02be61aff585f1f81cc9006181d97d4
Block data: 
miner379 sent 19VC to Jessica
miner363 sent 51VC to miner371
miner385 sent 98VC to miner371
miner363 sent 70VC to miner3
miner377 sent 41VC to miner385
miner3 sent 92VC to miner379
Sherlock sent 88VC to Bob
miner371 sent 58VC to miner379
miner379 sent 13VC to Bob
miner380 sent 6VC to miner371
miner3 sent 18VC to miner380
miner363 sent 45VC to miner386
Alice sent 36VC to miner379
miner371 sent 1VC to Antonio
miner381 sent 17VC to miner379
miner815 sent 36VC to miner3
miner380 sent 5VC to Antonio
Bob sent 19VC to miner380
miner371 sent 56VC to Jessica
miner380 sent 40VC to Sherlock
Bob sent 79VC to Alice
miner371 sent 26VC to Jessica
miner386 sent 30VC to miner371
miner371 sent 42VC to miner385
miner379 sent 27VC to Sherlock
miner380 sent 31VC to miner363
miner363 sent 26VC to miner385
miner386 sent 12VC to miner385
miner377 sent 47VC to Antonio
Jessica sent 33VC to Bob
miner371 sent 27VC to Antonio
Block was generating for 0 seconds
N was increased to 12

Block:
Created by : miner375
miner375 gets 100 VC
Id: 13
Timestamp: 1710916410289
Magic number: -1155484576
Hash of the previous block: 
4769a0b00f06f281399e793add1c933ae02be61aff585f1f81cc9006181d97d4
Hash of the block: 
4769a0b00f06f281399e793add1c933ae02be61aff585f1f81cc9006181d97d4
Block data: 
miner379 sent 30VC to miner385
miner378 sent 1VC to miner385
miner381 sent 43VC to miner3
miner3 sent 60VC to miner363
miner385 sent 8VC to Sherlock
miner363 sent 76VC to miner386
Bob sent 58VC to miner379
Jessica sent 4VC to miner815
Block was generating for 0 seconds
N was increased to 13

Block:
Created by : miner373
miner373 gets 100 VC
Id: 14
Timestamp: 1710916410296
Magic number: -1155484576
Hash of the previous block: 
4769a0b00f06f281399e793add1c933ae02be61aff585f1f81cc9006181d97d4
Hash of the block: 
4769a0b00f06f281399e793add1c933ae02be61aff585f1f81cc9006181d97d4
Block data: 
miner379 sent 21VC to miner363
Jessica sent 35VC to Sherlock
miner379 sent 32VC to miner815
Jessica sent 54VC to Sherlock
miner379 sent 10VC to miner378
miner379 sent 41VC to Sherlock
miner379 sent 25VC to miner385
Sherlock sent 73VC to miner381
miner376 sent 94VC to miner379
Alice sent 65VC to miner385
miner3 sent 48VC to miner815
miner375 sent 96VC to Bob
Alice sent 21VC to miner375
miner381 sent 40VC to miner379
Bob sent 35VC to Antonio
Sherlock sent 23VC to miner375
miner815 sent 13VC to Alice
Sherlock sent 13VC to miner371
miner385 sent 25VC to miner376
Sherlock sent 49VC to miner3
Bob sent 39VC to miner371
miner386 sent 81VC to miner371
miner379 sent 97VC to miner385
miner379 sent 95VC to miner371
miner3 sent 52VC to miner379
Alice sent 40VC to miner371
miner371 sent 55VC to Antonio
miner385 sent 97VC to miner371
miner385 sent 81VC to miner3
miner386 sent 12VC to miner381
miner3 sent 2VC to miner381
miner3 sent 85VC to Alice
Sherlock sent 17VC to miner815
miner815 sent 45VC to Sherlock
miner379 sent 58VC to miner380
miner377 sent 6VC to Bob
miner376 sent 14VC to Bob
Sherlock sent 81VC to Alice
Alice sent 12VC to miner377
miner371 sent 55VC to Alice
miner815 sent 33VC to miner375
Alice sent 60VC to miner377
Block was generating for 0 seconds
N was increased to 14

Block:
Created by : miner370
miner370 gets 100 VC
Id: 15
Timestamp: 1710916410326
Magic number: -1155484576
Hash of the previous block: 
4769a0b00f06f281399e793add1c933ae02be61aff585f1f81cc9006181d97d4
Hash of the block: 
4769a0b00f06f281399e793add1c933ae02be61aff585f1f81cc9006181d97d4
Block data: 
miner371 sent 31VC to miner376
Antonio sent 52VC to miner378
miner371 sent 85VC to miner378
miner380 sent 55VC to miner371
miner373 sent 46VC to Antonio
miner377 sent 69VC to miner373
miner373 sent 89VC to miner385
Antonio sent 38VC to Alice
Bob sent 35VC to miner3
miner381 sent 45VC to miner363
miner3 sent 26VC to miner380
Antonio sent 69VC to miner363
miner3 sent 15VC to miner375
Bob sent 17VC to miner380
miner371 sent 72VC to miner376
Alice sent 23VC to miner379
miner376 sent 18VC to miner375
miner379 sent 17VC to miner375
miner385 sent 15VC to Bob
miner376 sent 10VC to miner380
Block was generating for 0 seconds
N was increased to 15

?[1;31m
Start test 2?[0m
Block:
Created by : miner3
miner3 gets 100 VC
Id: 1
Timestamp: 1710916423446
Magic number: -1155484576
Hash of the previous block: 
0
Hash of the block: 
4769a0b00f06f281399e793add1c933ae02be61aff585f1f81cc9006181d97d4
Block data: 
No transaction
Block was generating for 0 seconds
N was increased to 1

Block:
Created by : miner42
miner42 gets 100 VC
Id: 2
Timestamp: 1710916423455
Magic number: -1155484576
Hash of the previous block: 
4769a0b00f06f281399e793add1c933ae02be61aff585f1f81cc9006181d97d4
Hash of the block: 
4769a0b00f06f281399e793add1c933ae02be61aff585f1f81cc9006181d97d4
Block data: 
miner3 sent 97VC to Bob
Bob sent 93VC to Alice
Alice sent 18VC to Jessica
Bob sent 2VC to Alice
Alice sent 63VC to Jessica
Alice sent 11VC to Sherlock
Jessica sent 58VC to miner3
Sherlock sent 11VC to Jessica
miner3 sent 59VC to Alice
Jessica sent 19VC to miner3
Alice sent 49VC to miner3
miner3 sent 17VC to Alice
Alice sent 21VC to Bob
Bob sent 11VC to Jessica
Jessica sent 22VC to Alice
Bob sent 1VC to Alice
Alice sent 9VC to miner3
Alice sent 7VC to Antonio
Block was generating for 0 seconds
N was increased to 2

Block:
Created by : miner40
miner40 gets 100 VC
Id: 3
Timestamp: 1710916423475
Magic number: -1155484576
Hash of the previous block: 
4769a0b00f06f281399e793add1c933ae02be61aff585f1f81cc9006181d97d4
Hash of the block: 
4769a0b00f06f281399e793add1c933ae02be61aff585f1f81cc9006181d97d4
Block data: 
miner42 sent 10VC to Alice
miner42 sent 85VC to Alice
Alice sent 82VC to Bob
Bob sent 17VC to Sherlock
Block was generating for 0 seconds
N was increased to 3

Block:
Created by : miner141
miner141 gets 100 VC
Id: 4
Timestamp: 1710916423481
Magic number: -1155484576
Hash of the previous block: 
4769a0b00f06f281399e793add1c933ae02be61aff585f1f81cc9006181d97d4
Hash of the block: 
c3644f30c06d95da3d7bcd58b1b94a90998b3fcf134164b47a729c11d00ec614
Block data: 
miner40 sent 38VC to Antonio
Antonio sent 31VC to Jessica
Bob sent 5VC to miner42
Block was generating for 0 seconds
N was increased to 4

Block:
Created by : miner38
miner38 gets 100 VC
Id: 5
Timestamp: 1710916423488
Magic number: -1155484576
Hash of the previous block: 
c3644f30c06d95da3d7bcd58b1b94a90998b3fcf134164b47a729c11d00ec614
Hash of the block: 
4769a0b00f06f281399e793add1c933ae02be61aff585f1f81cc9006181d97d4
Block data: 
miner141 sent 14VC to miner40
Bob sent 39VC to Antonio
miner141 sent 29VC to Antonio
miner141 sent 17VC to Jessica
Jessica sent 52VC to miner42
Alice sent 15VC to miner141
Alice sent 9VC to miner40
miner3 sent 3VC to Bob
Bob sent 7VC to Alice
Bob sent 20VC to Jessica
miner3 sent 17VC to Alice
Block was generating for 0 seconds
N was increased to 5

Block:
Created by : miner39
miner39 gets 100 VC
Id: 6
Timestamp: 1710916423495
Magic number: -1155484576
Hash of the previous block: 
4769a0b00f06f281399e793add1c933ae02be61aff585f1f81cc9006181d97d4
Hash of the block: 
4769a0b00f06f281399e793add1c933ae02be61aff585f1f81cc9006181d97d4
Block data: 
miner38 sent 41VC to miner40
miner42 sent 48VC to Alice
Alice sent 11VC to miner3
miner141 sent 27VC to Sherlock
Alice sent 30VC to Bob
miner40 sent 73VC to miner42
miner40 sent 37VC to miner42
Antonio sent 44VC to Alice
miner40 sent 7VC to Jessica
Alice sent 71VC to miner141
miner42 sent 9VC to Antonio
miner141 sent 36VC to miner38
miner38 sent 54VC to Sherlock
Antonio sent 1VC to Bob
miner42 sent 44VC to Alice
miner42 sent 43VC to miner141
Sherlock sent 26VC to Antonio
miner40 sent 3VC to Antonio
Alice sent 45VC to Sherlock
Jessica sent 26VC to miner42
miner40 sent 1VC to miner141
Antonio sent 26VC to miner42
miner3 sent 29VC to Antonio
Sherlock sent 67VC to Bob
Bob sent 2VC to miner38
Sherlock sent 10VC to miner42
Sherlock sent 32VC to Jessica
Antonio sent 59VC to Jessica
miner42 sent 51VC to Jessica
miner141 sent 65VC to miner3
Jessica sent 74VC to miner3
Bob sent 26VC to Antonio
Bob sent 76VC to miner3
miner3 sent 64VC to Sherlock
miner3 sent 39VC to Sherlock
Sherlock sent 60VC to miner42
Block was generating for 0 seconds
N was increased to 6

Block:
Created by : miner37
miner37 gets 100 VC
Id: 7
Timestamp: 1710916423520
Magic number: -1155484576
Hash of the previous block: 
4769a0b00f06f281399e793add1c933ae02be61aff585f1f81cc9006181d97d4
Hash of the block: 
4769a0b00f06f281399e793add1c933ae02be61aff585f1f81cc9006181d97d4
Block data: 
miner141 sent 5VC to Antonio
miner3 sent 73VC to Alice
Alice sent 62VC to miner38
Sherlock sent 18VC to miner3
miner38 sent 12VC to Jessica
miner42 sent 57VC to Alice
Jessica sent 4VC to miner42
miner3 sent 25VC to miner40
Alice sent 48VC to miner3
miner42 sent 23VC to miner3
miner141 sent 9VC to miner42
miner40 sent 26VC to miner42
miner38 sent 22VC to Bob
miner141 sent 19VC to Bob
Jessica sent 53VC to miner141
miner3 sent 2VC to miner38
miner141 sent 48VC to miner42
miner39 sent 81VC to Antonio
miner38 sent 53VC to miner141
miner38 sent 13VC to Antonio
miner42 sent 67VC to miner39
miner42 sent 25VC to Bob
Antonio sent 24VC to Bob
Bob sent 79VC to Sherlock
Sherlock sent 42VC to Antonio
miner141 sent 51VC to miner38
Block was generating for 0 seconds
N was increased to 7

Block:
Created by : miner35
miner35 gets 100 VC
Id: 8
Timestamp: 1710916423538
Magic number: -1155484576
Hash of the previous block: 
4769a0b00f06f281399e793add1c933ae02be61aff585f1f81cc9006181d97d4
Hash of the block: 
4769a0b00f06f281399e793add1c933ae02be61aff585f1f81cc9006181d97d4
Block data: 
Alice sent 26VC to Bob
miner42 sent 8VC to miner38
miner37 sent 15VC to miner141
miner38 sent 60VC to miner141
Jessica sent 12VC to miner37
miner3 sent 81VC to Antonio
miner141 sent 88VC to Jessica
miner3 sent 17VC to Antonio
miner37 sent 90VC to miner141
Jessica sent 78VC to miner38
Jessica sent 17VC to Antonio
Block was generating for 0 seconds
N was increased to 8

Block:
Created by : miner36
miner36 gets 100 VC
Id: 9
Timestamp: 1710916423545
Magic number: -1155484576
Hash of the previous block: 
4769a0b00f06f281399e793add1c933ae02be61aff585f1f81cc9006181d97d4
Hash of the block: 
4769a0b00f06f281399e793add1c933ae02be61aff585f1f81cc9006181d97d4
Block data: 
miner39 sent 62VC to miner3
miner35 sent 58VC to Alice
miner39 sent 15VC to Alice
Antonio sent 94VC to Alice
Antonio sent 47VC to miner37
miner38 sent 77VC to Sherlock
Sherlock sent 95VC to Alice
Bob sent 38VC to miner39
Alice sent 9VC to miner38
Antonio sent 70VC to miner42
Antonio sent 64VC to miner3
miner39 sent 11VC to miner40
miner39 sent 23VC to Sherlock
Alice sent 48VC to miner39
Sherlock sent 14VC to miner42
miner42 sent 23VC to miner3
Block was generating for 0 seconds
N was increased to 9

Block:
Created by : miner34
miner34 gets 100 VC
Id: 10
Timestamp: 1710916423557
Magic number: -1155484576
Hash of the previous block: 
4769a0b00f06f281399e793add1c933ae02be61aff585f1f81cc9006181d97d4
Hash of the block: 
4769a0b00f06f281399e793add1c933ae02be61aff585f1f81cc9006181d97d4
Block data: 
Bob sent 1VC to miner40
Sherlock sent 25VC to miner141
miner3 sent 16VC to miner35
miner35 sent 6VC to miner40
Alice sent 21VC to miner141
miner141 sent 93VC to miner40
miner36 sent 55VC to Antonio
Antonio sent 39VC to Bob
Sherlock sent 20VC to miner40
miner3 sent 68VC to Antonio
Sherlock sent 9VC to miner40
miner40 sent 91VC to miner39
miner36 sent 9VC to Bob
Antonio sent 62VC to Alice
miner39 sent 11VC to miner36
miner40 sent 33VC to miner38
miner37 sent 50VC to Antonio
Alice sent 98VC to miner35
miner36 sent 28VC to miner3
miner35 sent 97VC to Alice
miner42 sent 49VC to Alice
Block was generating for 0 seconds
N was increased to 10

Block:
Created by : miner29
miner29 gets 100 VC
Id: 11
Timestamp: 1710916423582
Magic number: -1155484576
Hash of the previous block: 
4769a0b00f06f281399e793add1c933ae02be61aff585f1f81cc9006181d97d4
Hash of the block: 
4769a0b00f06f281399e793add1c933ae02be61aff585f1f81cc9006181d97d4
Block data: 
miner3 sent 27VC to Sherlock
miner34 sent 58VC to miner3
miner3 sent 24VC to miner34
miner42 sent 5VC to Jessica
miner3 sent 34VC to miner36
miner34 sent 26VC to Bob
miner3 sent 91VC to Bob
miner39 sent 29VC to miner40
Block was generating for 0 seconds
N was increased to 11

Block:
Created by : miner32
miner32 gets 100 VC
Id: 12
Timestamp: 1710916423589
Magic number: -1155484576
Hash of the previous block: 
4769a0b00f06f281399e793add1c933ae02be61aff585f1f81cc9006181d97d4
Hash of the block: 
4769a0b00f06f281399e793add1c933ae02be61aff585f1f81cc9006181d97d4
Block data: 
miner37 sent 1VC to Antonio
Bob sent 57VC to miner141
Bob sent 69VC to miner36
miner36 sent 73VC to miner38
miner39 sent 79VC to miner34
miner29 sent 30VC to miner3
miner38 sent 27VC to Antonio
Alice sent 77VC to miner36
miner35 sent 6VC to miner40
Antonio sent 95VC to Alice
miner40 sent 6VC to Antonio
miner141 sent 8VC to miner36
miner36 sent 54VC to miner34
miner35 sent 14VC to miner34
miner36 sent 55VC to miner37
miner34 sent 64VC to miner38
Sherlock sent 2VC to Jessica
miner141 sent 62VC to Jessica
Alice sent 50VC to miner141
miner34 sent 22VC to miner39
miner141 sent 61VC to miner36
Block was generating for 0 seconds
N was increased to 12

Block:
Created by : miner549
miner549 gets 100 VC
Id: 13
Timestamp: 1710916423605
Magic number: -1155484576
Hash of the previous block: 
4769a0b00f06f281399e793add1c933ae02be61aff585f1f81cc9006181d97d4
Hash of the block: 
ad0620feb06bab13a52156852ad6222e44940183375f4bd6b02f48f0140f8b9d
Block data: 
miner32 sent 24VC to Bob
miner32 sent 26VC to Antonio
miner35 sent 12VC to miner39
Jessica sent 5VC to miner32
miner37 sent 11VC to miner38
miner39 sent 28VC to miner35
Sherlock sent 12VC to miner35
miner38 sent 78VC to miner35
miner42 sent 13VC to miner37
miner40 sent 2VC to Bob
miner29 sent 44VC to miner32
miner32 sent 2VC to miner42
miner29 sent 21VC to miner34
Jessica sent 57VC to miner29
Alice sent 5VC to miner34
Block was generating for 0 seconds
N was increased to 13

Block:
Created by : miner33
miner33 gets 100 VC
Id: 14
Timestamp: 1710916423612
Magic number: -1155484576
Hash of the previous block: 
ad0620feb06bab13a52156852ad6222e44940183375f4bd6b02f48f0140f8b9d
Hash of the block: 
4769a0b00f06f281399e793add1c933ae02be61aff585f1f81cc9006181d97d4
Block data: 
Bob sent 61VC to miner3
miner3 sent 46VC to miner35
miner35 sent 81VC to Jessica
miner29 sent 37VC to miner37
miner35 sent 62VC to miner141
miner38 sent 8VC to miner40
Jessica sent 31VC to miner38
miner36 sent 60VC to miner40
Alice sent 43VC to Bob
miner38 sent 11VC to miner29
Jessica sent 3VC to miner32
Bob sent 32VC to miner29
miner32 sent 8VC to miner40
miner29 sent 2VC to Antonio
miner141 sent 6VC to miner549
miner35 sent 37VC to Sherlock
Alice sent 88VC to miner40
miner3 sent 31VC to Bob
Block was generating for 0 seconds
N was increased to 14

Block:
Created by : miner30
miner30 gets 100 VC
Id: 15
Timestamp: 1710916423625
Magic number: -1155484576
Hash of the previous block: 
4769a0b00f06f281399e793add1c933ae02be61aff585f1f81cc9006181d97d4
Hash of the block: 
4769a0b00f06f281399e793add1c933ae02be61aff585f1f81cc9006181d97d4
Block data: 
Alice sent 86VC to miner35
miner37 sent 13VC to miner549
miner37 sent 34VC to miner29
miner32 sent 20VC to miner33
Antonio sent 31VC to miner40
miner29 sent 82VC to Sherlock
Jessica sent 2VC to miner3
Bob sent 35VC to miner36
miner39 sent 7VC to Jessica
Sherlock sent 43VC to miner36
miner33 sent 18VC to miner39
miner141 sent 73VC to miner36
miner33 sent 96VC to miner40
miner40 sent 12VC to miner3
miner36 sent 40VC to Sherlock
miner34 sent 52VC to miner35
miner32 sent 7VC to miner3
miner35 sent 18VC to miner38
miner32 sent 58VC to Bob
Bob sent 2VC to Sherlock
Sherlock sent 26VC to miner3
Antonio sent 4VC to miner549
Block was generating for 0 seconds
N was increased to 15

]]></system-out>
  <system-err><![CDATA[Exception in thread "Thread-9" java.lang.RuntimeException
	at blockchain.Threads.DataReaderThread.run(DataReaderThread.java:39)
Exception in thread "Thread-8" java.lang.RuntimeException
	at blockchain.Threads.DataReaderThread.run(DataReaderThread.java:39)
Exception in thread "Thread-11" java.lang.RuntimeException
	at blockchain.Threads.DataReaderThread.run(DataReaderThread.java:39)
Exception in thread "Thread-13" java.lang.RuntimeException
	at blockchain.Threads.DataReaderThread.run(DataReaderThread.java:39)
Exception in thread "Thread-12" java.lang.RuntimeException
	at blockchain.Threads.DataReaderThread.run(DataReaderThread.java:39)
Exception in thread "Thread-82" java.lang.RuntimeException
	at blockchain.Threads.DataReaderThread.run(DataReaderThread.java:39)
Exception in thread "Thread-90" java.lang.RuntimeException
	at blockchain.Threads.DataReaderThread.run(DataReaderThread.java:39)
Exception in thread "Thread-88" java.lang.RuntimeException
	at blockchain.Threads.DataReaderThread.run(DataReaderThread.java:39)
Exception in thread "Thread-86" java.lang.RuntimeException
	at blockchain.Threads.DataReaderThread.run(DataReaderThread.java:39)
Exception in thread "Thread-150" java.lang.RuntimeException
	at blockchain.Threads.DataReaderThread.run(DataReaderThread.java:39)
Exception in thread "Thread-84" java.lang.RuntimeException
	at blockchain.Threads.DataReaderThread.run(DataReaderThread.java:39)
Exception in thread "Thread-76" java.lang.RuntimeException
	at blockchain.Threads.DataReaderThread.run(DataReaderThread.java:39)
Exception in thread "Thread-70" java.lang.RuntimeException
	at blockchain.Threads.DataReaderThread.run(DataReaderThread.java:39)
Exception in thread "Thread-67" java.lang.RuntimeException
	at blockchain.Threads.DataReaderThread.run(DataReaderThread.java:39)
Exception in thread "Thread-245" java.lang.RuntimeException
	at blockchain.Threads.DataReaderThread.run(DataReaderThread.java:39)
Exception in thread "Thread-64" java.lang.RuntimeException
	at blockchain.Threads.DataReaderThread.run(DataReaderThread.java:39)
Exception in thread "Thread-62" java.lang.RuntimeException
	at blockchain.Threads.DataReaderThread.run(DataReaderThread.java:39)
Exception in thread "Thread-316" java.lang.RuntimeException
	at blockchain.Threads.DataReaderThread.run(DataReaderThread.java:39)
Exception in thread "Thread-327" java.lang.RuntimeException
	at blockchain.Threads.DataReaderThread.run(DataReaderThread.java:39)
Exception in thread "Thread-58" java.lang.RuntimeException
	at blockchain.Threads.DataReaderThread.run(DataReaderThread.java:39)
Exception in thread "Thread-56" java.lang.RuntimeException
	at blockchain.Threads.DataReaderThread.run(DataReaderThread.java:39)
Exception in thread "Thread-379" java.lang.RuntimeException
	at blockchain.Threads.DataReaderThread.run(DataReaderThread.java:39)
Exception in thread "Thread-53" java.lang.RuntimeException
	at blockchain.Threads.DataReaderThread.run(DataReaderThread.java:39)
Exception in thread "Thread-49" java.lang.RuntimeException
	at blockchain.Threads.DataReaderThread.run(DataReaderThread.java:39)
Exception in thread "Thread-45" java.lang.RuntimeException
	at blockchain.Threads.DataReaderThread.run(DataReaderThread.java:39)
Exception in thread "Thread-43" java.lang.RuntimeException
	at blockchain.Threads.DataReaderThread.run(DataReaderThread.java:39)
Exception in thread "Thread-41" java.lang.RuntimeException
	at blockchain.Threads.DataReaderThread.run(DataReaderThread.java:39)
Exception in thread "Thread-476" java.lang.RuntimeException
	at blockchain.Threads.DataReaderThread.run(DataReaderThread.java:39)
Exception in thread "Thread-34" java.lang.RuntimeException
	at blockchain.Threads.DataReaderThread.run(DataReaderThread.java:39)
Exception in thread "Thread-36" java.lang.RuntimeException
	at blockchain.Threads.DataReaderThread.run(DataReaderThread.java:39)
Exception in thread "Thread-33" java.lang.RuntimeException
	at blockchain.Threads.DataReaderThread.run(DataReaderThread.java:39)
Exception in thread "Thread-28" java.lang.RuntimeException
	at blockchain.Threads.DataReaderThread.run(DataReaderThread.java:39)
Exception in thread "Thread-567" java.lang.RuntimeException
	at blockchain.Threads.DataReaderThread.run(DataReaderThread.java:39)
Exception in thread "Thread-24" java.lang.RuntimeException
	at blockchain.Threads.DataReaderThread.run(DataReaderThread.java:39)
Exception in thread "Thread-23" java.lang.RuntimeException
	at blockchain.Threads.DataReaderThread.run(DataReaderThread.java:39)
Exception in thread "Thread-21" java.lang.RuntimeException
	at blockchain.Threads.DataReaderThread.run(DataReaderThread.java:39)
Exception in thread "Thread-601" java.lang.RuntimeException
	at blockchain.Threads.DataReaderThread.run(DataReaderThread.java:39)
Exception in thread "Thread-619" java.lang.RuntimeException
	at blockchain.Threads.DataReaderThread.run(DataReaderThread.java:39)
Exception in thread "Thread-626" java.lang.RuntimeException
	at blockchain.Threads.DataReaderThread.run(DataReaderThread.java:39)
Exception in thread "Thread-630" java.lang.RuntimeException
	at blockchain.Threads.DataReaderThread.run(DataReaderThread.java:39)
Exception in thread "Thread-636" java.lang.RuntimeException
	at blockchain.Threads.DataReaderThread.run(DataReaderThread.java:39)
Exception in thread "Thread-633" java.lang.RuntimeException
	at blockchain.Threads.DataReaderThread.run(DataReaderThread.java:39)
Exception in thread "Thread-617" java.lang.RuntimeException
	at blockchain.Threads.DataReaderThread.run(DataReaderThread.java:39)
Exception in thread "Thread-609" java.lang.RuntimeException
	at blockchain.Threads.DataReaderThread.run(DataReaderThread.java:39)
Exception in thread "Thread-610" java.lang.RuntimeException
	at blockchain.Threads.DataReaderThread.run(DataReaderThread.java:39)
Exception in thread "Thread-615" java.lang.RuntimeException
	at blockchain.Threads.DataReaderThread.run(DataReaderThread.java:39)
Exception in thread "Thread-597" java.lang.RuntimeException
	at blockchain.Threads.DataReaderThread.run(DataReaderThread.java:39)
Exception in thread "Thread-589" java.lang.RuntimeException
	at blockchain.Threads.DataReaderThread.run(DataReaderThread.java:39)
Exception in thread "Thread-838" java.lang.RuntimeException
	at blockchain.Threads.DataReaderThread.run(DataReaderThread.java:39)
Exception in thread "Thread-604" java.lang.RuntimeException
	at blockchain.Threads.DataReaderThread.run(DataReaderThread.java:39)
Exception in thread "Thread-602" java.lang.RuntimeException
	at blockchain.Threads.DataReaderThread.run(DataReaderThread.java:39)
Exception in thread "Thread-595" java.lang.RuntimeException
	at blockchain.Threads.DataReaderThread.run(DataReaderThread.java:39)
Exception in thread "Thread-585" java.lang.RuntimeException
	at blockchain.Threads.DataReaderThread.run(DataReaderThread.java:39)
Exception in thread "Thread-581" java.lang.RuntimeException
	at blockchain.Threads.DataReaderThread.run(DataReaderThread.java:39)
Exception in thread "Thread-586" java.lang.RuntimeException
	at blockchain.Threads.DataReaderThread.run(DataReaderThread.java:39)
Exception in thread "Thread-588" java.lang.RuntimeException
	at blockchain.Threads.DataReaderThread.run(DataReaderThread.java:39)
Exception in thread "Thread-569" java.lang.RuntimeException
	at blockchain.Threads.DataReaderThread.run(DataReaderThread.java:39)
Exception in thread "Thread-561" java.lang.RuntimeException
	at blockchain.Threads.DataReaderThread.run(DataReaderThread.java:39)
Exception in thread "Thread-575" java.lang.RuntimeException
	at blockchain.Threads.DataReaderThread.run(DataReaderThread.java:39)
Exception in thread "Thread-572" java.lang.RuntimeException
	at blockchain.Threads.DataReaderThread.run(DataReaderThread.java:39)
Exception in thread "Thread-564" java.lang.RuntimeException
	at blockchain.Threads.DataReaderThread.run(DataReaderThread.java:39)
Exception in thread "Thread-559" java.lang.RuntimeException
	at blockchain.Threads.DataReaderThread.run(DataReaderThread.java:39)
Exception in thread "Thread-554" java.lang.RuntimeException
	at blockchain.Threads.DataReaderThread.run(DataReaderThread.java:39)
Exception in thread "Thread-556" java.lang.RuntimeException
	at blockchain.Threads.DataReaderThread.run(DataReaderThread.java:39)
Exception in thread "Thread-550" java.lang.RuntimeException
	at blockchain.Threads.DataReaderThread.run(DataReaderThread.java:39)
Exception in thread "Thread-548" java.lang.RuntimeException
	at blockchain.Threads.DataReaderThread.run(DataReaderThread.java:39)
Exception in thread "Thread-1060" java.lang.RuntimeException
	at blockchain.Threads.DataReaderThread.run(DataReaderThread.java:39)
Exception in thread "Thread-534" java.lang.RuntimeException
	at blockchain.Threads.DataReaderThread.run(DataReaderThread.java:39)
Exception in thread "Thread-1099" java.lang.RuntimeException
	at blockchain.Threads.DataReaderThread.run(DataReaderThread.java:39)
Exception in thread "Thread-540" java.lang.RuntimeException
	at blockchain.Threads.DataReaderThread.run(DataReaderThread.java:39)
Exception in thread "Thread-1123" java.lang.RuntimeException
	at blockchain.Threads.DataReaderThread.run(DataReaderThread.java:39)
Exception in thread "Thread-499" java.lang.RuntimeException
	at blockchain.Threads.DataReaderThread.run(DataReaderThread.java:39)
Exception in thread "Thread-532" java.lang.RuntimeException
	at blockchain.Threads.DataReaderThread.run(DataReaderThread.java:39)
Exception in thread "Thread-511" java.lang.RuntimeException
	at blockchain.Threads.DataReaderThread.run(DataReaderThread.java:39)
Exception in thread "Thread-521" java.lang.RuntimeException
	at blockchain.Threads.DataReaderThread.run(DataReaderThread.java:39)
Exception in thread "Thread-1178" java.lang.RuntimeException
	at blockchain.Threads.DataReaderThread.run(DataReaderThread.java:39)
Exception in thread "Thread-486" java.lang.RuntimeException
	at blockchain.Threads.DataReaderThread.run(DataReaderThread.java:39)
Exception in thread "Thread-508" java.lang.RuntimeException
	at blockchain.Threads.DataReaderThread.run(DataReaderThread.java:39)
Exception in thread "Thread-525" java.lang.RuntimeException
	at blockchain.Threads.DataReaderThread.run(DataReaderThread.java:39)
Exception in thread "Thread-484" java.lang.RuntimeException
	at blockchain.Threads.DataReaderThread.run(DataReaderThread.java:39)
Exception in thread "Thread-505" java.lang.RuntimeException
	at blockchain.Threads.DataReaderThread.run(DataReaderThread.java:39)
Exception in thread "Thread-512" java.lang.RuntimeException
	at blockchain.Threads.DataReaderThread.run(DataReaderThread.java:39)
Exception in thread "Thread-498" java.lang.RuntimeException
	at blockchain.Threads.DataReaderThread.run(DataReaderThread.java:39)
Exception in thread "Thread-482" java.lang.RuntimeException
	at blockchain.Threads.DataReaderThread.run(DataReaderThread.java:39)
Exception in thread "Thread-480" java.lang.RuntimeException
	at blockchain.Threads.DataReaderThread.run(DataReaderThread.java:39)
Exception in thread "Thread-471" java.lang.RuntimeException
	at blockchain.Threads.DataReaderThread.run(DataReaderThread.java:39)
Exception in thread "Thread-472" java.lang.RuntimeException
	at blockchain.Threads.DataReaderThread.run(DataReaderThread.java:39)
Exception in thread "Thread-478" java.lang.RuntimeException
	at blockchain.Threads.DataReaderThread.run(DataReaderThread.java:39)
Exception in thread "Thread-474" java.lang.RuntimeException
	at blockchain.Threads.DataReaderThread.run(DataReaderThread.java:39)
Exception in thread "Thread-467" java.lang.RuntimeException
	at blockchain.Threads.DataReaderThread.run(DataReaderThread.java:39)
Exception in thread "Thread-456" java.lang.RuntimeException
	at blockchain.Threads.DataReaderThread.run(DataReaderThread.java:39)
Exception in thread "Thread-446" java.lang.RuntimeException
	at blockchain.Threads.DataReaderThread.run(DataReaderThread.java:39)
Exception in thread "Thread-457" java.lang.RuntimeException
	at blockchain.Threads.DataReaderThread.run(DataReaderThread.java:39)
Exception in thread "Thread-451" java.lang.RuntimeException
	at blockchain.Threads.DataReaderThread.run(DataReaderThread.java:39)
Exception in thread "Thread-421" java.lang.RuntimeException
	at blockchain.Threads.DataReaderThread.run(DataReaderThread.java:39)
Exception in thread "Thread-414" java.lang.RuntimeException
	at blockchain.Threads.DataReaderThread.run(DataReaderThread.java:39)
Exception in thread "Thread-454" java.lang.RuntimeException
	at blockchain.Threads.DataReaderThread.run(DataReaderThread.java:39)
Exception in thread "Thread-407" java.lang.RuntimeException
	at blockchain.Threads.DataReaderThread.run(DataReaderThread.java:39)
Exception in thread "Thread-1481" java.lang.RuntimeException
	at blockchain.Threads.DataReaderThread.run(DataReaderThread.java:39)
Exception in thread "Thread-410" java.lang.RuntimeException
	at blockchain.Threads.DataReaderThread.run(DataReaderThread.java:39)
Exception in thread "Thread-428" java.lang.RuntimeException
	at blockchain.Threads.DataReaderThread.run(DataReaderThread.java:39)
Exception in thread "Thread-1524" java.lang.RuntimeException
	at blockchain.Threads.DataReaderThread.run(DataReaderThread.java:39)
Exception in thread "Thread-412" java.lang.RuntimeException
	at blockchain.Threads.DataReaderThread.run(DataReaderThread.java:39)
Exception in thread "Thread-402" java.lang.RuntimeException
	at blockchain.Threads.DataReaderThread.run(DataReaderThread.java:39)
Exception in thread "Thread-1557" java.lang.RuntimeException
	at blockchain.Threads.DataReaderThread.run(DataReaderThread.java:39)
Exception in thread "Thread-432" java.lang.RuntimeException
	at blockchain.Threads.DataReaderThread.run(DataReaderThread.java:39)
Exception in thread "Thread-408" java.lang.RuntimeException
	at blockchain.Threads.DataReaderThread.run(DataReaderThread.java:39)
Exception in thread "Thread-1585" java.lang.RuntimeException
	at blockchain.Threads.DataReaderThread.run(DataReaderThread.java:39)
Exception in thread "Thread-426" java.lang.RuntimeException
	at blockchain.Threads.DataReaderThread.run(DataReaderThread.java:39)
Exception in thread "Thread-424" java.lang.RuntimeException
	at blockchain.Threads.DataReaderThread.run(DataReaderThread.java:39)
Exception in thread "Thread-1607" java.lang.RuntimeException
	at blockchain.Threads.DataReaderThread.run(DataReaderThread.java:39)
Exception in thread "Thread-422" java.lang.RuntimeException
	at blockchain.Threads.DataReaderThread.run(DataReaderThread.java:39)
Exception in thread "Thread-418" java.lang.RuntimeException
	at blockchain.Threads.DataReaderThread.run(DataReaderThread.java:39)
Exception in thread "Thread-398" java.lang.RuntimeException
	at blockchain.Threads.DataReaderThread.run(DataReaderThread.java:39)
Exception in thread "Thread-400" java.lang.RuntimeException
	at blockchain.Threads.DataReaderThread.run(DataReaderThread.java:39)
Exception in thread "Thread-1655" java.lang.RuntimeException
	at blockchain.Threads.DataReaderThread.run(DataReaderThread.java:39)
Exception in thread "Thread-383" java.lang.RuntimeException
	at blockchain.Threads.DataReaderThread.run(DataReaderThread.java:39)
Exception in thread "Thread-381" java.lang.RuntimeException
	at blockchain.Threads.DataReaderThread.run(DataReaderThread.java:39)
Exception in thread "Thread-371" java.lang.RuntimeException
	at blockchain.Threads.DataReaderThread.run(DataReaderThread.java:39)
Exception in thread "Thread-377" java.lang.RuntimeException
	at blockchain.Threads.DataReaderThread.run(DataReaderThread.java:39)
Exception in thread "Thread-375" java.lang.RuntimeException
	at blockchain.Threads.DataReaderThread.run(DataReaderThread.java:39)
Exception in thread "Thread-364" java.lang.RuntimeException
	at blockchain.Threads.DataReaderThread.run(DataReaderThread.java:39)
Exception in thread "Thread-339" java.lang.RuntimeException
	at blockchain.Threads.DataReaderThread.run(DataReaderThread.java:39)
Exception in thread "Thread-356" java.lang.RuntimeException
	at blockchain.Threads.DataReaderThread.run(DataReaderThread.java:39)
Exception in thread "Thread-363" java.lang.RuntimeException
	at blockchain.Threads.DataReaderThread.run(DataReaderThread.java:39)
Exception in thread "Thread-340" java.lang.RuntimeException
	at blockchain.Threads.DataReaderThread.run(DataReaderThread.java:39)
Exception in thread "Thread-1785" java.lang.RuntimeException
	at blockchain.Threads.DataReaderThread.run(DataReaderThread.java:39)
Exception in thread "Thread-346" java.lang.RuntimeException
	at blockchain.Threads.DataReaderThread.run(DataReaderThread.java:39)
Exception in thread "Thread-349" java.lang.RuntimeException
	at blockchain.Threads.DataReaderThread.run(DataReaderThread.java:39)
Exception in thread "Thread-345" java.lang.RuntimeException
	at blockchain.Threads.DataReaderThread.run(DataReaderThread.java:39)
Exception in thread "Thread-342" java.lang.RuntimeException
	at blockchain.Threads.DataReaderThread.run(DataReaderThread.java:39)
Exception in thread "Thread-1838" java.lang.RuntimeException
	at blockchain.Threads.DataReaderThread.run(DataReaderThread.java:39)
Exception in thread "Thread-338" java.lang.RuntimeException
	at blockchain.Threads.DataReaderThread.run(DataReaderThread.java:39)
Exception in thread "Thread-329" java.lang.RuntimeException
	at blockchain.Threads.DataReaderThread.run(DataReaderThread.java:39)
Exception in thread "Thread-1880" java.lang.RuntimeException
	at blockchain.Threads.DataReaderThread.run(DataReaderThread.java:39)
Exception in thread "Thread-326" java.lang.RuntimeException
	at blockchain.Threads.DataReaderThread.run(DataReaderThread.java:39)
Exception in thread "Thread-295" java.lang.RuntimeException
	at blockchain.Threads.DataReaderThread.run(DataReaderThread.java:39)
Exception in thread "Thread-315" java.lang.RuntimeException
	at blockchain.Threads.DataReaderThread.run(DataReaderThread.java:39)
Exception in thread "Thread-1932" java.lang.RuntimeException
	at blockchain.Threads.DataReaderThread.run(DataReaderThread.java:39)
Exception in thread "Thread-304" java.lang.RuntimeException
	at blockchain.Threads.DataReaderThread.run(DataReaderThread.java:39)
Exception in thread "Thread-310" java.lang.RuntimeException
	at blockchain.Threads.DataReaderThread.run(DataReaderThread.java:39)
Exception in thread "Thread-306" java.lang.RuntimeException
	at blockchain.Threads.DataReaderThread.run(DataReaderThread.java:39)
Exception in thread "Thread-308" java.lang.RuntimeException
	at blockchain.Threads.DataReaderThread.run(DataReaderThread.java:39)
Exception in thread "Thread-297" java.lang.RuntimeException
	at blockchain.Threads.DataReaderThread.run(DataReaderThread.java:39)
Exception in thread "Thread-292" java.lang.RuntimeException
	at blockchain.Threads.DataReaderThread.run(DataReaderThread.java:39)
Exception in thread "Thread-2043" java.lang.RuntimeException
	at blockchain.Threads.DataReaderThread.run(DataReaderThread.java:39)
Exception in thread "Thread-289" java.lang.RuntimeException
	at blockchain.Threads.DataReaderThread.run(DataReaderThread.java:39)
Exception in thread "Thread-279" java.lang.RuntimeException
	at blockchain.Threads.DataReaderThread.run(DataReaderThread.java:39)
Exception in thread "Thread-2074" java.lang.RuntimeException
	at blockchain.Threads.DataReaderThread.run(DataReaderThread.java:39)
Exception in thread "Thread-276" java.lang.RuntimeException
	at blockchain.Threads.DataReaderThread.run(DataReaderThread.java:39)
Exception in thread "Thread-2107" java.lang.RuntimeException
	at blockchain.Threads.DataReaderThread.run(DataReaderThread.java:39)
Exception in thread "Thread-269" java.lang.RuntimeException
	at blockchain.Threads.DataReaderThread.run(DataReaderThread.java:39)
Exception in thread "Thread-267" java.lang.RuntimeException
	at blockchain.Threads.DataReaderThread.run(DataReaderThread.java:39)
Exception in thread "Thread-2136" java.lang.RuntimeException
	at blockchain.Threads.DataReaderThread.run(DataReaderThread.java:39)
Exception in thread "Thread-263" java.lang.RuntimeException
	at blockchain.Threads.DataReaderThread.run(DataReaderThread.java:39)
Exception in thread "Thread-234" java.lang.RuntimeException
	at blockchain.Threads.DataReaderThread.run(DataReaderThread.java:39)
Exception in thread "Thread-239" java.lang.RuntimeException
	at blockchain.Threads.DataReaderThread.run(DataReaderThread.java:39)
Exception in thread "Thread-236" java.lang.RuntimeException
	at blockchain.Threads.DataReaderThread.run(DataReaderThread.java:39)
Exception in thread "Thread-230" java.lang.RuntimeException
	at blockchain.Threads.DataReaderThread.run(DataReaderThread.java:39)
Exception in thread "Thread-249" java.lang.RuntimeException
	at blockchain.Threads.DataReaderThread.run(DataReaderThread.java:39)
Exception in thread "Thread-240" java.lang.RuntimeException
	at blockchain.Threads.DataReaderThread.run(DataReaderThread.java:39)
Exception in thread "Thread-210" java.lang.RuntimeException
	at blockchain.Threads.DataReaderThread.run(DataReaderThread.java:39)
Exception in thread "Thread-216" java.lang.RuntimeException
	at blockchain.Threads.DataReaderThread.run(DataReaderThread.java:39)
Exception in thread "Thread-221" java.lang.RuntimeException
	at blockchain.Threads.DataReaderThread.run(DataReaderThread.java:39)
Exception in thread "Thread-219" java.lang.RuntimeException
	at blockchain.Threads.DataReaderThread.run(DataReaderThread.java:39)
Exception in thread "Thread-215" java.lang.RuntimeException
	at blockchain.Threads.DataReaderThread.run(DataReaderThread.java:39)
Exception in thread "Thread-208" java.lang.RuntimeException
	at blockchain.Threads.DataReaderThread.run(DataReaderThread.java:39)
Exception in thread "Thread-194" java.lang.RuntimeException
	at blockchain.Threads.DataReaderThread.run(DataReaderThread.java:39)
Exception in thread "Thread-196" java.lang.RuntimeException
	at blockchain.Threads.DataReaderThread.run(DataReaderThread.java:39)
Exception in thread "Thread-189" java.lang.RuntimeException
	at blockchain.Threads.DataReaderThread.run(DataReaderThread.java:39)
Exception in thread "Thread-183" java.lang.RuntimeException
	at blockchain.Threads.DataReaderThread.run(DataReaderThread.java:39)
Exception in thread "Thread-2334" java.lang.RuntimeException
	at blockchain.Threads.DataReaderThread.run(DataReaderThread.java:39)
Exception in thread "Thread-185" java.lang.RuntimeException
	at blockchain.Threads.DataReaderThread.run(DataReaderThread.java:39)
Exception in thread "Thread-180" java.lang.RuntimeException
	at blockchain.Threads.DataReaderThread.run(DataReaderThread.java:39)
Exception in thread "Thread-178" java.lang.RuntimeException
	at blockchain.Threads.DataReaderThread.run(DataReaderThread.java:39)
Exception in thread "Thread-173" java.lang.RuntimeException
	at blockchain.Threads.DataReaderThread.run(DataReaderThread.java:39)
Exception in thread "Thread-170" java.lang.RuntimeException
	at blockchain.Threads.DataReaderThread.run(DataReaderThread.java:39)
Exception in thread "Thread-166" java.lang.RuntimeException
	at blockchain.Threads.DataReaderThread.run(DataReaderThread.java:39)
Exception in thread "Thread-154" java.lang.RuntimeException
	at blockchain.Threads.DataReaderThread.run(DataReaderThread.java:39)
Exception in thread "Thread-156" java.lang.RuntimeException
	at blockchain.Threads.DataReaderThread.run(DataReaderThread.java:39)
Exception in thread "Thread-144" java.lang.RuntimeException
	at blockchain.Threads.DataReaderThread.run(DataReaderThread.java:39)
Exception in thread "Thread-152" java.lang.RuntimeException
	at blockchain.Threads.DataReaderThread.run(DataReaderThread.java:39)
Exception in thread "Thread-137" java.lang.RuntimeException
	at blockchain.Threads.DataReaderThread.run(DataReaderThread.java:39)
Exception in thread "Thread-2508" java.lang.RuntimeException
	at blockchain.Threads.DataReaderThread.run(DataReaderThread.java:39)
Exception in thread "Thread-2526" java.lang.RuntimeException
	at blockchain.Threads.DataReaderThread.run(DataReaderThread.java:39)
Exception in thread "Thread-74" java.lang.RuntimeException
	at blockchain.Threads.DataReaderThread.run(DataReaderThread.java:39)
Exception in thread "Thread-116" java.lang.RuntimeException
	at blockchain.Threads.DataReaderThread.run(DataReaderThread.java:39)
Exception in thread "Thread-92" java.lang.RuntimeException
	at blockchain.Threads.DataReaderThread.run(DataReaderThread.java:39)
Exception in thread "Thread-2564" java.lang.RuntimeException
	at blockchain.Threads.DataReaderThread.run(DataReaderThread.java:39)
Exception in thread "Thread-80" java.lang.RuntimeException
	at blockchain.Threads.DataReaderThread.run(DataReaderThread.java:39)
Exception in thread "Thread-126" java.lang.RuntimeException
	at blockchain.Threads.DataReaderThread.run(DataReaderThread.java:39)
Exception in thread "Thread-113" java.lang.RuntimeException
	at blockchain.Threads.DataReaderThread.run(DataReaderThread.java:39)
Exception in thread "Thread-111" java.lang.RuntimeException
	at blockchain.Threads.DataReaderThread.run(DataReaderThread.java:39)
Exception in thread "Thread-78" java.lang.RuntimeException
	at blockchain.Threads.DataReaderThread.run(DataReaderThread.java:39)
Exception in thread "Thread-106" java.lang.RuntimeException
	at blockchain.Threads.DataReaderThread.run(DataReaderThread.java:39)
Exception in thread "Thread-105" java.lang.RuntimeException
	at blockchain.Threads.DataReaderThread.run(DataReaderThread.java:39)
Exception in thread "Thread-102" java.lang.RuntimeException
	at blockchain.Threads.DataReaderThread.run(DataReaderThread.java:39)
Exception in thread "Thread-2675" java.lang.RuntimeException
	at blockchain.Threads.DataReaderThread.run(DataReaderThread.java:39)
Exception in thread "Thread-2662" java.lang.RuntimeException
	at blockchain.Threads.DataReaderThread.run(DataReaderThread.java:39)
Exception in thread "Thread-2669" java.lang.RuntimeException
	at blockchain.Threads.DataReaderThread.run(DataReaderThread.java:39)
Exception in thread "Thread-2677" java.lang.RuntimeException
	at blockchain.Threads.DataReaderThread.run(DataReaderThread.java:39)
Exception in thread "Thread-2658" java.lang.RuntimeException
	at blockchain.Threads.DataReaderThread.run(DataReaderThread.java:39)
Exception in thread "Thread-2653" java.lang.RuntimeException
	at blockchain.Threads.DataReaderThread.run(DataReaderThread.java:39)
Exception in thread "Thread-2655" java.lang.RuntimeException
	at blockchain.Threads.DataReaderThread.run(DataReaderThread.java:39)
Exception in thread "Thread-2651" java.lang.RuntimeException
	at blockchain.Threads.DataReaderThread.run(DataReaderThread.java:39)
Exception in thread "Thread-2647" java.lang.RuntimeException
	at blockchain.Threads.DataReaderThread.run(DataReaderThread.java:39)
Exception in thread "Thread-2645" java.lang.RuntimeException
	at blockchain.Threads.DataReaderThread.run(DataReaderThread.java:39)
Exception in thread "Thread-2642" java.lang.RuntimeException
	at blockchain.Threads.DataReaderThread.run(DataReaderThread.java:39)
Exception in thread "Thread-2637" java.lang.RuntimeException
	at blockchain.Threads.DataReaderThread.run(DataReaderThread.java:39)
Exception in thread "Thread-2824" java.lang.RuntimeException
	at blockchain.Threads.DataReaderThread.run(DataReaderThread.java:39)
Exception in thread "Thread-109" java.lang.RuntimeException
	at blockchain.Threads.DataReaderThread.run(DataReaderThread.java:39)
Exception in thread "Thread-2619" java.lang.RuntimeException
	at blockchain.Threads.DataReaderThread.run(DataReaderThread.java:39)
Exception in thread "Thread-2585" java.lang.RuntimeException
	at blockchain.Threads.DataReaderThread.run(DataReaderThread.java:39)
Exception in thread "Thread-2607" java.lang.RuntimeException
	at blockchain.Threads.DataReaderThread.run(DataReaderThread.java:39)
Exception in thread "Thread-2626" java.lang.RuntimeException
	at blockchain.Threads.DataReaderThread.run(DataReaderThread.java:39)
Exception in thread "Thread-2898" java.lang.RuntimeException
	at blockchain.Threads.DataReaderThread.run(DataReaderThread.java:39)
Exception in thread "Thread-2587" java.lang.RuntimeException
	at blockchain.Threads.DataReaderThread.run(DataReaderThread.java:39)
Exception in thread "Thread-2605" java.lang.RuntimeException
	at blockchain.Threads.DataReaderThread.run(DataReaderThread.java:39)
Exception in thread "Thread-2601" java.lang.RuntimeException
	at blockchain.Threads.DataReaderThread.run(DataReaderThread.java:39)
Exception in thread "Thread-2610" java.lang.RuntimeException
	at blockchain.Threads.DataReaderThread.run(DataReaderThread.java:39)
Exception in thread "Thread-2581" java.lang.RuntimeException
	at blockchain.Threads.DataReaderThread.run(DataReaderThread.java:39)
Exception in thread "Thread-2584" java.lang.RuntimeException
	at blockchain.Threads.DataReaderThread.run(DataReaderThread.java:39)
Exception in thread "Thread-2604" java.lang.RuntimeException
	at blockchain.Threads.DataReaderThread.run(DataReaderThread.java:39)
Exception in thread "Thread-2579" java.lang.RuntimeException
	at blockchain.Threads.DataReaderThread.run(DataReaderThread.java:39)
Exception in thread "Thread-2600" java.lang.RuntimeException
	at blockchain.Threads.DataReaderThread.run(DataReaderThread.java:39)
Exception in thread "Thread-2611" java.lang.RuntimeException
	at blockchain.Threads.DataReaderThread.run(DataReaderThread.java:39)
Exception in thread "Thread-2568" java.lang.RuntimeException
	at blockchain.Threads.DataReaderThread.run(DataReaderThread.java:39)
Exception in thread "Thread-3009" java.lang.RuntimeException
	at blockchain.Threads.DataReaderThread.run(DataReaderThread.java:39)
Exception in thread "Thread-2562" java.lang.RuntimeException
	at blockchain.Threads.DataReaderThread.run(DataReaderThread.java:39)
Exception in thread "Thread-2574" java.lang.RuntimeException
	at blockchain.Threads.DataReaderThread.run(DataReaderThread.java:39)
Exception in thread "Thread-2566" java.lang.RuntimeException
	at blockchain.Threads.DataReaderThread.run(DataReaderThread.java:39)
Exception in thread "Thread-2542" java.lang.RuntimeException
	at blockchain.Threads.DataReaderThread.run(DataReaderThread.java:39)
Exception in thread "Thread-2557" java.lang.RuntimeException
	at blockchain.Threads.DataReaderThread.run(DataReaderThread.java:39)
Exception in thread "Thread-2544" java.lang.RuntimeException
	at blockchain.Threads.DataReaderThread.run(DataReaderThread.java:39)
Exception in thread "Thread-2530" java.lang.RuntimeException
	at blockchain.Threads.DataReaderThread.run(DataReaderThread.java:39)
Exception in thread "Thread-2552" java.lang.RuntimeException
	at blockchain.Threads.DataReaderThread.run(DataReaderThread.java:39)
Exception in thread "Thread-3103" java.lang.RuntimeException
	at blockchain.Threads.DataReaderThread.run(DataReaderThread.java:39)
Exception in thread "Thread-2548" java.lang.RuntimeException
	at blockchain.Threads.DataReaderThread.run(DataReaderThread.java:39)
Exception in thread "Thread-2546" java.lang.RuntimeException
	at blockchain.Threads.DataReaderThread.run(DataReaderThread.java:39)
Exception in thread "Thread-2550" java.lang.RuntimeException
	at blockchain.Threads.DataReaderThread.run(DataReaderThread.java:39)
Exception in thread "Thread-2533" java.lang.RuntimeException
	at blockchain.Threads.DataReaderThread.run(DataReaderThread.java:39)
Exception in thread "Thread-2535" java.lang.RuntimeException
	at blockchain.Threads.DataReaderThread.run(DataReaderThread.java:39)
Exception in thread "Thread-2537" java.lang.RuntimeException
	at blockchain.Threads.DataReaderThread.run(DataReaderThread.java:39)
Exception in thread "Thread-128" java.lang.RuntimeException
	at blockchain.Threads.DataReaderThread.run(DataReaderThread.java:39)
Exception in thread "Thread-2513" java.lang.RuntimeException
	at blockchain.Threads.DataReaderThread.run(DataReaderThread.java:39)
Exception in thread "Thread-2521" java.lang.RuntimeException
	at blockchain.Threads.DataReaderThread.run(DataReaderThread.java:39)
Exception in thread "Thread-2519" java.lang.RuntimeException
	at blockchain.Threads.DataReaderThread.run(DataReaderThread.java:39)
Exception in thread "Thread-2503" java.lang.RuntimeException
	at blockchain.Threads.DataReaderThread.run(DataReaderThread.java:39)
Exception in thread "Thread-2514" java.lang.RuntimeException
	at blockchain.Threads.DataReaderThread.run(DataReaderThread.java:39)
Exception in thread "Thread-2510" java.lang.RuntimeException
	at blockchain.Threads.DataReaderThread.run(DataReaderThread.java:39)
Exception in thread "Thread-3252" java.lang.RuntimeException
	at blockchain.Threads.DataReaderThread.run(DataReaderThread.java:39)
Exception in thread "Thread-3248" java.lang.RuntimeException
	at blockchain.Threads.DataReaderThread.run(DataReaderThread.java:39)
Exception in thread "Thread-94" java.lang.RuntimeException
	at blockchain.Threads.DataReaderThread.run(DataReaderThread.java:39)
Exception in thread "Thread-2506" java.lang.RuntimeException
	at blockchain.Threads.DataReaderThread.run(DataReaderThread.java:39)
Exception in thread "Thread-139" java.lang.RuntimeException
	at blockchain.Threads.DataReaderThread.run(DataReaderThread.java:39)
Exception in thread "Thread-3287" java.lang.RuntimeException
	at blockchain.Threads.DataReaderThread.run(DataReaderThread.java:39)
Exception in thread "Thread-2496" java.lang.RuntimeException
	at blockchain.Threads.DataReaderThread.run(DataReaderThread.java:39)
Exception in thread "Thread-2490" java.lang.RuntimeException
	at blockchain.Threads.DataReaderThread.run(DataReaderThread.java:39)
Exception in thread "Thread-2492" java.lang.RuntimeException
	at blockchain.Threads.DataReaderThread.run(DataReaderThread.java:39)
Exception in thread "Thread-142" java.lang.RuntimeException
	at blockchain.Threads.DataReaderThread.run(DataReaderThread.java:39)
Exception in thread "Thread-2487" java.lang.RuntimeException
	at blockchain.Threads.DataReaderThread.run(DataReaderThread.java:39)
Exception in thread "Thread-148" java.lang.RuntimeException
	at blockchain.Threads.DataReaderThread.run(DataReaderThread.java:39)
Exception in thread "Thread-2488" java.lang.RuntimeException
	at blockchain.Threads.DataReaderThread.run(DataReaderThread.java:39)
Exception in thread "Thread-2480" java.lang.RuntimeException
	at blockchain.Threads.DataReaderThread.run(DataReaderThread.java:39)
Exception in thread "Thread-2478" java.lang.RuntimeException
	at blockchain.Threads.DataReaderThread.run(DataReaderThread.java:39)
Exception in thread "Thread-2463" java.lang.RuntimeException
	at blockchain.Threads.DataReaderThread.run(DataReaderThread.java:39)
Exception in thread "Thread-2475" java.lang.RuntimeException
	at blockchain.Threads.DataReaderThread.run(DataReaderThread.java:39)
Exception in thread "Thread-2471" java.lang.RuntimeException
	at blockchain.Threads.DataReaderThread.run(DataReaderThread.java:39)
Exception in thread "Thread-2470" java.lang.RuntimeException
	at blockchain.Threads.DataReaderThread.run(DataReaderThread.java:39)
Exception in thread "Thread-2467" java.lang.RuntimeException
	at blockchain.Threads.DataReaderThread.run(DataReaderThread.java:39)
Exception in thread "Thread-2457" java.lang.RuntimeException
	at blockchain.Threads.DataReaderThread.run(DataReaderThread.java:39)
Exception in thread "Thread-2434" java.lang.RuntimeException
	at blockchain.Threads.DataReaderThread.run(DataReaderThread.java:39)
Exception in thread "Thread-2455" java.lang.RuntimeException
	at blockchain.Threads.DataReaderThread.run(DataReaderThread.java:39)
Exception in thread "Thread-2453" java.lang.RuntimeException
	at blockchain.Threads.DataReaderThread.run(DataReaderThread.java:39)
Exception in thread "Thread-162" java.lang.RuntimeException
	at blockchain.Threads.DataReaderThread.run(DataReaderThread.java:39)
Exception in thread "Thread-2448" java.lang.RuntimeException
	at blockchain.Threads.DataReaderThread.run(DataReaderThread.java:39)
Exception in thread "Thread-2446" java.lang.RuntimeException
	at blockchain.Threads.DataReaderThread.run(DataReaderThread.java:39)
Exception in thread "Thread-2444" java.lang.RuntimeException
	at blockchain.Threads.DataReaderThread.run(DataReaderThread.java:39)
Exception in thread "Thread-2438" java.lang.RuntimeException
	at blockchain.Threads.DataReaderThread.run(DataReaderThread.java:39)
Exception in thread "Thread-2436" java.lang.RuntimeException
	at blockchain.Threads.DataReaderThread.run(DataReaderThread.java:39)
Exception in thread "Thread-2431" java.lang.RuntimeException
	at blockchain.Threads.DataReaderThread.run(DataReaderThread.java:39)
Exception in thread "Thread-2427" java.lang.RuntimeException
	at blockchain.Threads.DataReaderThread.run(DataReaderThread.java:39)
Exception in thread "Thread-2432" java.lang.RuntimeException
	at blockchain.Threads.DataReaderThread.run(DataReaderThread.java:39)
Exception in thread "Thread-2422" java.lang.RuntimeException
	at blockchain.Threads.DataReaderThread.run(DataReaderThread.java:39)
Exception in thread "Thread-2424" java.lang.RuntimeException
	at blockchain.Threads.DataReaderThread.run(DataReaderThread.java:39)
Exception in thread "Thread-2420" java.lang.RuntimeException
	at blockchain.Threads.DataReaderThread.run(DataReaderThread.java:39)
Exception in thread "Thread-2405" java.lang.RuntimeException
	at blockchain.Threads.DataReaderThread.run(DataReaderThread.java:39)
Exception in thread "Thread-2413" java.lang.RuntimeException
	at blockchain.Threads.DataReaderThread.run(DataReaderThread.java:39)
Exception in thread "Thread-2411" java.lang.RuntimeException
	at blockchain.Threads.DataReaderThread.run(DataReaderThread.java:39)
Exception in thread "Thread-2409" java.lang.RuntimeException
	at blockchain.Threads.DataReaderThread.run(DataReaderThread.java:39)
Exception in thread "Thread-2407" java.lang.RuntimeException
	at blockchain.Threads.DataReaderThread.run(DataReaderThread.java:39)
Exception in thread "Thread-174" java.lang.RuntimeException
	at blockchain.Threads.DataReaderThread.run(DataReaderThread.java:39)
Exception in thread "Thread-2401" java.lang.RuntimeException
	at blockchain.Threads.DataReaderThread.run(DataReaderThread.java:39)
Exception in thread "Thread-2399" java.lang.RuntimeException
	at blockchain.Threads.DataReaderThread.run(DataReaderThread.java:39)
Exception in thread "Thread-2385" java.lang.RuntimeException
	at blockchain.Threads.DataReaderThread.run(DataReaderThread.java:39)
Exception in thread "Thread-2386" java.lang.RuntimeException
	at blockchain.Threads.DataReaderThread.run(DataReaderThread.java:39)
Exception in thread "Thread-2390" java.lang.RuntimeException
	at blockchain.Threads.DataReaderThread.run(DataReaderThread.java:39)
Exception in thread "Thread-2378" java.lang.RuntimeException
	at blockchain.Threads.DataReaderThread.run(DataReaderThread.java:39)
Exception in thread "Thread-2380" java.lang.RuntimeException
	at blockchain.Threads.DataReaderThread.run(DataReaderThread.java:39)
Exception in thread "Thread-2382" java.lang.RuntimeException
	at blockchain.Threads.DataReaderThread.run(DataReaderThread.java:39)
Exception in thread "Thread-2332" java.lang.RuntimeException
	at blockchain.Threads.DataReaderThread.run(DataReaderThread.java:39)
Exception in thread "Thread-2374" java.lang.RuntimeException
	at blockchain.Threads.DataReaderThread.run(DataReaderThread.java:39)
Exception in thread "Thread-2348" java.lang.RuntimeException
	at blockchain.Threads.DataReaderThread.run(DataReaderThread.java:39)
Exception in thread "Thread-2344" java.lang.RuntimeException
	at blockchain.Threads.DataReaderThread.run(DataReaderThread.java:39)
Exception in thread "Thread-2364" java.lang.RuntimeException
	at blockchain.Threads.DataReaderThread.run(DataReaderThread.java:39)
Exception in thread "Thread-2361" java.lang.RuntimeException
	at blockchain.Threads.DataReaderThread.run(DataReaderThread.java:39)
Exception in thread "Thread-2320" java.lang.RuntimeException
	at blockchain.Threads.DataReaderThread.run(DataReaderThread.java:39)
Exception in thread "Thread-2340" java.lang.RuntimeException
	at blockchain.Threads.DataReaderThread.run(DataReaderThread.java:39)
Exception in thread "Thread-2327" java.lang.RuntimeException
	at blockchain.Threads.DataReaderThread.run(DataReaderThread.java:39)
Exception in thread "Thread-2351" java.lang.RuntimeException
	at blockchain.Threads.DataReaderThread.run(DataReaderThread.java:39)
Exception in thread "Thread-2347" java.lang.RuntimeException
	at blockchain.Threads.DataReaderThread.run(DataReaderThread.java:39)
Exception in thread "Thread-2324" java.lang.RuntimeException
	at blockchain.Threads.DataReaderThread.run(DataReaderThread.java:39)
Exception in thread "Thread-2330" java.lang.RuntimeException
	at blockchain.Threads.DataReaderThread.run(DataReaderThread.java:39)
Exception in thread "Thread-2342" java.lang.RuntimeException
	at blockchain.Threads.DataReaderThread.run(DataReaderThread.java:39)
Exception in thread "Thread-2328" java.lang.RuntimeException
	at blockchain.Threads.DataReaderThread.run(DataReaderThread.java:39)
Exception in thread "Thread-2338" java.lang.RuntimeException
	at blockchain.Threads.DataReaderThread.run(DataReaderThread.java:39)
Exception in thread "Thread-2336" java.lang.RuntimeException
	at blockchain.Threads.DataReaderThread.run(DataReaderThread.java:39)
Exception in thread "Thread-2322" java.lang.RuntimeException
	at blockchain.Threads.DataReaderThread.run(DataReaderThread.java:39)
Exception in thread "Thread-2318" java.lang.RuntimeException
	at blockchain.Threads.DataReaderThread.run(DataReaderThread.java:39)
Exception in thread "Thread-201" java.lang.RuntimeException
	at blockchain.Threads.DataReaderThread.run(DataReaderThread.java:39)
Exception in thread "Thread-2306" java.lang.RuntimeException
	at blockchain.Threads.DataReaderThread.run(DataReaderThread.java:39)
Exception in thread "Thread-2313" java.lang.RuntimeException
	at blockchain.Threads.DataReaderThread.run(DataReaderThread.java:39)
Exception in thread "Thread-200" java.lang.RuntimeException
	at blockchain.Threads.DataReaderThread.run(DataReaderThread.java:39)
Exception in thread "Thread-2310" java.lang.RuntimeException
	at blockchain.Threads.DataReaderThread.run(DataReaderThread.java:39)
Exception in thread "Thread-2307" java.lang.RuntimeException
	at blockchain.Threads.DataReaderThread.run(DataReaderThread.java:39)
Exception in thread "Thread-2303" java.lang.RuntimeException
	at blockchain.Threads.DataReaderThread.run(DataReaderThread.java:39)
Exception in thread "Thread-2298" java.lang.RuntimeException
	at blockchain.Threads.DataReaderThread.run(DataReaderThread.java:39)
Exception in thread "Thread-2294" java.lang.RuntimeException
	at blockchain.Threads.DataReaderThread.run(DataReaderThread.java:39)
Exception in thread "Thread-204" java.lang.RuntimeException
	at blockchain.Threads.DataReaderThread.run(DataReaderThread.java:39)
Exception in thread "Thread-2251" java.lang.RuntimeException
	at blockchain.Threads.DataReaderThread.run(DataReaderThread.java:39)
Exception in thread "Thread-2288" java.lang.RuntimeException
	at blockchain.Threads.DataReaderThread.run(DataReaderThread.java:39)
Exception in thread "Thread-2292" java.lang.RuntimeException
	at blockchain.Threads.DataReaderThread.run(DataReaderThread.java:39)
Exception in thread "Thread-2271" java.lang.RuntimeException
	at blockchain.Threads.DataReaderThread.run(DataReaderThread.java:39)
Exception in thread "Thread-2282" java.lang.RuntimeException
	at blockchain.Threads.DataReaderThread.run(DataReaderThread.java:39)
Exception in thread "Thread-2276" java.lang.RuntimeException
	at blockchain.Threads.DataReaderThread.run(DataReaderThread.java:39)
Exception in thread "Thread-2279" java.lang.RuntimeException
	at blockchain.Threads.DataReaderThread.run(DataReaderThread.java:39)
Exception in thread "Thread-2283" java.lang.RuntimeException
	at blockchain.Threads.DataReaderThread.run(DataReaderThread.java:39)
Exception in thread "Thread-2264" java.lang.RuntimeException
	at blockchain.Threads.DataReaderThread.run(DataReaderThread.java:39)
Exception in thread "Thread-2273" java.lang.RuntimeException
	at blockchain.Threads.DataReaderThread.run(DataReaderThread.java:39)
Exception in thread "Thread-2234" java.lang.RuntimeException
	at blockchain.Threads.DataReaderThread.run(DataReaderThread.java:39)
Exception in thread "Thread-2249" java.lang.RuntimeException
	at blockchain.Threads.DataReaderThread.run(DataReaderThread.java:39)
Exception in thread "Thread-2247" java.lang.RuntimeException
	at blockchain.Threads.DataReaderThread.run(DataReaderThread.java:39)
Exception in thread "Thread-2235" java.lang.RuntimeException
	at blockchain.Threads.DataReaderThread.run(DataReaderThread.java:39)
Exception in thread "Thread-2255" java.lang.RuntimeException
	at blockchain.Threads.DataReaderThread.run(DataReaderThread.java:39)
Exception in thread "Thread-2253" java.lang.RuntimeException
	at blockchain.Threads.DataReaderThread.run(DataReaderThread.java:39)
Exception in thread "Thread-2239" java.lang.RuntimeException
	at blockchain.Threads.DataReaderThread.run(DataReaderThread.java:39)
Exception in thread "Thread-225" java.lang.RuntimeException
	at blockchain.Threads.DataReaderThread.run(DataReaderThread.java:39)
Exception in thread "Thread-2231" java.lang.RuntimeException
	at blockchain.Threads.DataReaderThread.run(DataReaderThread.java:39)
Exception in thread "Thread-2245" java.lang.RuntimeException
	at blockchain.Threads.DataReaderThread.run(DataReaderThread.java:39)
Exception in thread "Thread-2237" java.lang.RuntimeException
	at blockchain.Threads.DataReaderThread.run(DataReaderThread.java:39)
Exception in thread "Thread-2243" java.lang.RuntimeException
	at blockchain.Threads.DataReaderThread.run(DataReaderThread.java:39)
Exception in thread "Thread-2241" java.lang.RuntimeException
	at blockchain.Threads.DataReaderThread.run(DataReaderThread.java:39)
Exception in thread "Thread-2222" java.lang.RuntimeException
	at blockchain.Threads.DataReaderThread.run(DataReaderThread.java:39)
Exception in thread "Thread-2224" java.lang.RuntimeException
	at blockchain.Threads.DataReaderThread.run(DataReaderThread.java:39)
Exception in thread "Thread-2226" java.lang.RuntimeException
	at blockchain.Threads.DataReaderThread.run(DataReaderThread.java:39)
Exception in thread "Thread-2218" java.lang.RuntimeException
	at blockchain.Threads.DataReaderThread.run(DataReaderThread.java:39)
Exception in thread "Thread-2210" java.lang.RuntimeException
	at blockchain.Threads.DataReaderThread.run(DataReaderThread.java:39)
Exception in thread "Thread-2212" java.lang.RuntimeException
	at blockchain.Threads.DataReaderThread.run(DataReaderThread.java:39)
Exception in thread "Thread-2206" java.lang.RuntimeException
	at blockchain.Threads.DataReaderThread.run(DataReaderThread.java:39)
Exception in thread "Thread-2208" java.lang.RuntimeException
	at blockchain.Threads.DataReaderThread.run(DataReaderThread.java:39)
Exception in thread "Thread-246" java.lang.RuntimeException
	at blockchain.Threads.DataReaderThread.run(DataReaderThread.java:39)
Exception in thread "Thread-2204" java.lang.RuntimeException
	at blockchain.Threads.DataReaderThread.run(DataReaderThread.java:39)
Exception in thread "Thread-2178" java.lang.RuntimeException
	at blockchain.Threads.DataReaderThread.run(DataReaderThread.java:39)
Exception in thread "Thread-2200" java.lang.RuntimeException
	at blockchain.Threads.DataReaderThread.run(DataReaderThread.java:39)
Exception in thread "Thread-250" java.lang.RuntimeException
	at blockchain.Threads.DataReaderThread.run(DataReaderThread.java:39)
Exception in thread "Thread-2182" java.lang.RuntimeException
	at blockchain.Threads.DataReaderThread.run(DataReaderThread.java:39)
Exception in thread "Thread-2188" java.lang.RuntimeException
	at blockchain.Threads.DataReaderThread.run(DataReaderThread.java:39)
Exception in thread "Thread-2186" java.lang.RuntimeException
	at blockchain.Threads.DataReaderThread.run(DataReaderThread.java:39)
Exception in thread "Thread-242" java.lang.RuntimeException
	at blockchain.Threads.DataReaderThread.run(DataReaderThread.java:39)
Exception in thread "Thread-2176" java.lang.RuntimeException
	at blockchain.Threads.DataReaderThread.run(DataReaderThread.java:39)
Exception in thread "Thread-2184" java.lang.RuntimeException
	at blockchain.Threads.DataReaderThread.run(DataReaderThread.java:39)
Exception in thread "Thread-2169" java.lang.RuntimeException
	at blockchain.Threads.DataReaderThread.run(DataReaderThread.java:39)
Exception in thread "Thread-2174" java.lang.RuntimeException
	at blockchain.Threads.DataReaderThread.run(DataReaderThread.java:39)
Exception in thread "Thread-2180" java.lang.RuntimeException
	at blockchain.Threads.DataReaderThread.run(DataReaderThread.java:39)
Exception in thread "Thread-2167" java.lang.RuntimeException
	at blockchain.Threads.DataReaderThread.run(DataReaderThread.java:39)
Exception in thread "Thread-2172" java.lang.RuntimeException
	at blockchain.Threads.DataReaderThread.run(DataReaderThread.java:39)
Exception in thread "Thread-2165" java.lang.RuntimeException
	at blockchain.Threads.DataReaderThread.run(DataReaderThread.java:39)
Exception in thread "Thread-232" java.lang.RuntimeException
	at blockchain.Threads.DataReaderThread.run(DataReaderThread.java:39)
Exception in thread "Thread-2161" java.lang.RuntimeException
	at blockchain.Threads.DataReaderThread.run(DataReaderThread.java:39)
Exception in thread "Thread-2157" java.lang.RuntimeException
	at blockchain.Threads.DataReaderThread.run(DataReaderThread.java:39)
Exception in thread "Thread-2156" java.lang.RuntimeException
	at blockchain.Threads.DataReaderThread.run(DataReaderThread.java:39)
Exception in thread "Thread-2153" java.lang.RuntimeException
	at blockchain.Threads.DataReaderThread.run(DataReaderThread.java:39)
Exception in thread "Thread-2150" java.lang.RuntimeException
	at blockchain.Threads.DataReaderThread.run(DataReaderThread.java:39)
Exception in thread "Thread-2127" java.lang.RuntimeException
	at blockchain.Threads.DataReaderThread.run(DataReaderThread.java:39)
Exception in thread "Thread-2143" java.lang.RuntimeException
	at blockchain.Threads.DataReaderThread.run(DataReaderThread.java:39)
Exception in thread "Thread-2134" java.lang.RuntimeException
	at blockchain.Threads.DataReaderThread.run(DataReaderThread.java:39)
Exception in thread "Thread-2138" java.lang.RuntimeException
	at blockchain.Threads.DataReaderThread.run(DataReaderThread.java:39)
Exception in thread "Thread-2124" java.lang.RuntimeException
	at blockchain.Threads.DataReaderThread.run(DataReaderThread.java:39)
Exception in thread "Thread-2130" java.lang.RuntimeException
	at blockchain.Threads.DataReaderThread.run(DataReaderThread.java:39)
Exception in thread "Thread-2131" java.lang.RuntimeException
	at blockchain.Threads.DataReaderThread.run(DataReaderThread.java:39)
Exception in thread "Thread-2122" java.lang.RuntimeException
	at blockchain.Threads.DataReaderThread.run(DataReaderThread.java:39)
Exception in thread "Thread-2121" java.lang.RuntimeException
	at blockchain.Threads.DataReaderThread.run(DataReaderThread.java:39)
Exception in thread "Thread-2116" java.lang.RuntimeException
	at blockchain.Threads.DataReaderThread.run(DataReaderThread.java:39)
Exception in thread "Thread-2092" java.lang.RuntimeException
	at blockchain.Threads.DataReaderThread.run(DataReaderThread.java:39)
Exception in thread "Thread-2104" java.lang.RuntimeException
	at blockchain.Threads.DataReaderThread.run(DataReaderThread.java:39)
Exception in thread "Thread-2096" java.lang.RuntimeException
	at blockchain.Threads.DataReaderThread.run(DataReaderThread.java:39)
Exception in thread "Thread-266" java.lang.RuntimeException
	at blockchain.Threads.DataReaderThread.run(DataReaderThread.java:39)
Exception in thread "Thread-2105" java.lang.RuntimeException
	at blockchain.Threads.DataReaderThread.run(DataReaderThread.java:39)
Exception in thread "Thread-2101" java.lang.RuntimeException
	at blockchain.Threads.DataReaderThread.run(DataReaderThread.java:39)
Exception in thread "Thread-2094" java.lang.RuntimeException
	at blockchain.Threads.DataReaderThread.run(DataReaderThread.java:39)
Exception in thread "Thread-2090" java.lang.RuntimeException
	at blockchain.Threads.DataReaderThread.run(DataReaderThread.java:39)
Exception in thread "Thread-2060" java.lang.RuntimeException
	at blockchain.Threads.DataReaderThread.run(DataReaderThread.java:39)
Exception in thread "Thread-277" java.lang.RuntimeException
	at blockchain.Threads.DataReaderThread.run(DataReaderThread.java:39)
Exception in thread "Thread-2068" java.lang.RuntimeException
	at blockchain.Threads.DataReaderThread.run(DataReaderThread.java:39)
Exception in thread "Thread-2072" java.lang.RuntimeException
	at blockchain.Threads.DataReaderThread.run(DataReaderThread.java:39)
Exception in thread "Thread-284" java.lang.RuntimeException
	at blockchain.Threads.DataReaderThread.run(DataReaderThread.java:39)
Exception in thread "Thread-2080" java.lang.RuntimeException
	at blockchain.Threads.DataReaderThread.run(DataReaderThread.java:39)
Exception in thread "Thread-2078" java.lang.RuntimeException
	at blockchain.Threads.DataReaderThread.run(DataReaderThread.java:39)
Exception in thread "Thread-2066" java.lang.RuntimeException
	at blockchain.Threads.DataReaderThread.run(DataReaderThread.java:39)
Exception in thread "Thread-2076" java.lang.RuntimeException
	at blockchain.Threads.DataReaderThread.run(DataReaderThread.java:39)
Exception in thread "Thread-2064" java.lang.RuntimeException
	at blockchain.Threads.DataReaderThread.run(DataReaderThread.java:39)
Exception in thread "Thread-2070" java.lang.RuntimeException
	at blockchain.Threads.DataReaderThread.run(DataReaderThread.java:39)
Exception in thread "Thread-2062" java.lang.RuntimeException
	at blockchain.Threads.DataReaderThread.run(DataReaderThread.java:39)
Exception in thread "Thread-2056" java.lang.RuntimeException
	at blockchain.Threads.DataReaderThread.run(DataReaderThread.java:39)
Exception in thread "Thread-2054" java.lang.RuntimeException
	at blockchain.Threads.DataReaderThread.run(DataReaderThread.java:39)
Exception in thread "Thread-2048" java.lang.RuntimeException
	at blockchain.Threads.DataReaderThread.run(DataReaderThread.java:39)
Exception in thread "Thread-2039" java.lang.RuntimeException
[...]
Exception in thread "Thread-3439" java.lang.RuntimeException
	at blockchain.Threads.DataReaderThread.run(DataReaderThread.java:39)
Exception in thread "Thread-3442" java.lang.RuntimeException
	at blockchain.Threads.DataReaderThread.run(DataReaderThread.java:39)
Exception in thread "Thread-3437" java.lang.RuntimeException
	at blockchain.Threads.DataReaderThread.run(DataReaderThread.java:39)
Exception in thread "Thread-3416" java.lang.RuntimeException
	at blockchain.Threads.DataReaderThread.run(DataReaderThread.java:39)
Exception in thread "Thread-3431" java.lang.RuntimeException
	at blockchain.Threads.DataReaderThread.run(DataReaderThread.java:39)
Exception in thread "Thread-3428" java.lang.RuntimeException
	at blockchain.Threads.DataReaderThread.run(DataReaderThread.java:39)
Exception in thread "Thread-3429" java.lang.RuntimeException
	at blockchain.Threads.DataReaderThread.run(DataReaderThread.java:39)
Exception in thread "Thread-3398" java.lang.RuntimeException
	at blockchain.Threads.DataReaderThread.run(DataReaderThread.java:39)
Exception in thread "Thread-3407" java.lang.RuntimeException
	at blockchain.Threads.DataReaderThread.run(DataReaderThread.java:39)
Exception in thread "Thread-3415" java.lang.RuntimeException
	at blockchain.Threads.DataReaderThread.run(DataReaderThread.java:39)
Exception in thread "Thread-3399" java.lang.RuntimeException
	at blockchain.Threads.DataReaderThread.run(DataReaderThread.java:39)
Exception in thread "Thread-3403" java.lang.RuntimeException
	at blockchain.Threads.DataReaderThread.run(DataReaderThread.java:39)
Exception in thread "Thread-3412" java.lang.RuntimeException
	at blockchain.Threads.DataReaderThread.run(DataReaderThread.java:39)
Exception in thread "Thread-3410" java.lang.RuntimeException
	at blockchain.Threads.DataReaderThread.run(DataReaderThread.java:39)
Exception in thread "Thread-3408" java.lang.RuntimeException
	at blockchain.Threads.DataReaderThread.run(DataReaderThread.java:39)
Exception in thread "Thread-3404" java.lang.RuntimeException
	at blockchain.Threads.DataReaderThread.run(DataReaderThread.java:39)
Exception in thread "Thread-3384" java.lang.RuntimeException
	at blockchain.Threads.DataReaderThread.run(DataReaderThread.java:39)
Exception in thread "Thread-3385" java.lang.RuntimeException
	at blockchain.Threads.DataReaderThread.run(DataReaderThread.java:39)
Exception in thread "Thread-3382" java.lang.RuntimeException
	at blockchain.Threads.DataReaderThread.run(DataReaderThread.java:39)
Exception in thread "Thread-3386" java.lang.RuntimeException
	at blockchain.Threads.DataReaderThread.run(DataReaderThread.java:39)
Exception in thread "Thread-3383" java.lang.RuntimeException
	at blockchain.Threads.DataReaderThread.run(DataReaderThread.java:39)
Exception in thread "Thread-3389" java.lang.RuntimeException
	at blockchain.Threads.DataReaderThread.run(DataReaderThread.java:39)
Exception in thread "Thread-3387" java.lang.RuntimeException
	at blockchain.Threads.DataReaderThread.run(DataReaderThread.java:39)
Exception in thread "Thread-3380" java.lang.RuntimeException
	at blockchain.Threads.DataReaderThread.run(DataReaderThread.java:39)
Exception in thread "Thread-3372" java.lang.RuntimeException
	at blockchain.Threads.DataReaderThread.run(DataReaderThread.java:39)
Exception in thread "Thread-3371" java.lang.RuntimeException
	at blockchain.Threads.DataReaderThread.run(DataReaderThread.java:39)
Exception in thread "Thread-5054" java.lang.RuntimeException
	at blockchain.Threads.DataReaderThread.run(DataReaderThread.java:39)
Exception in thread "Thread-3540" java.lang.RuntimeException: java.lang.InterruptedException: sleep interrupted
	at blockchain.Threads.TransactionThread.run(TransactionThread.java:61)
Caused by: java.lang.InterruptedException: sleep interrupted
	at java.base/java.lang.Thread.sleep(Native Method)
	at blockchain.Threads.TransactionThread.run(TransactionThread.java:59)
Exception in thread "Thread-4339" java.lang.RuntimeException: java.lang.InterruptedException: sleep interrupted
	at blockchain.Threads.TransactionThread.run(TransactionThread.java:61)
Caused by: java.lang.InterruptedException: sleep interrupted
	at java.base/java.lang.Thread.sleep(Native Method)
	at blockchain.Threads.TransactionThread.run(TransactionThread.java:59)
Exception in thread "Thread-5036" java.lang.RuntimeException: java.lang.InterruptedExce?[0;34mption: sleep interrupted
?[0m?[0;34m	at blockchain.Threads.TransactionThread.run(TransactionThread.java:61)
?[0m?[0;34mCaused by: java.lang.InterruptedException: sleep interrupted
?[0m?[0;34m	at java.base/java.lang.Thread.sleep(Native Method)
?[0m?[0;34m	at blockchain.Threads.TransactionThread.run(TransactionThread.java:59)
?[0;34mException in thread "Thread-3440" java.lang.RuntimeException: java.lang.InterruptedException: sleep interrupted
?[0m?[0;34m	at blockchain.Threads.TransactionThread.run(TransactionThread.java:61)
?[0m?[0;34mCaused by: java.lang.InterruptedException: sleep interrupted
?[0m?[0;34m	at java.base/java.lang.Thread.sleep(Native Method)
?[0m?[0;34m	at blockchain.Threads.TransactionThread.run(TransactionThread.java:59)
?[0;34mException in thread "Thread-3433" java.lang.RuntimeException: java.lang.InterruptedException: sleep interrupted
?[0m?[0;34m	at blockchain.Threads.TransactionThread.run(TransactionThread.java:61)
?[0m?[0;34mCaused by: java.lang.InterruptedException: sleep interrupted
?[0m?[0;34m	at java.base/java.lang.Thread.sleep(Native Method)
?[0m?[0;34m	at blockchain.Threads.TransactionThread.run(TransactionThread.java:59)
?[0;34mException in thread "Thread-3434" java.lang.RuntimeException: java.lang.InterruptedException: sleep interrupted
?[0m?[0;34m	at blockchain.Threads.TransactionThread.run(TransactionThread.java:61)
?[0m?[0;34mCaused by: java.lang.InterruptedException: sleep interrupted
?[0m?[0;34m	at java.base/java.lang.Thread.sleep(Native Method)
?[0m?[0;34m	at blockchain.Threads.TransactionThread.run(TransactionThread.java:59)
?[0;34mException in thread "Thread-3446" java.lang.RuntimeException: java.lang.InterruptedException: sleep interrupted
?[0m?[0;34m	at blockchain.Threads.TransactionThread.run(TransactionThread.java:61)
?[0m?[0;34mCaused by: java.lang.InterruptedException: sleep interrupted
?[0m?[0;34m	at java.base/java.lang.Thread.sleep(Native Method)
?[0m?[0;34m	at blockchain.Threads.TransactionThread.run(TransactionThread.java:59)
?[0;34mException in thread "Thread-3418" java.lang.RuntimeException: java.lang.InterruptedException: sleep interrupted
?[0m?[0;34m	at blockchain.Threads.TransactionThread.run(TransactionThread.java:61)
?[0m?[0;34mCaused by: java.lang.InterruptedException: sleep interrupted
?[0m?[0;34m	at java.base/java.lang.Thread.sleep(Native Method)
?[0m?[0;34m	at blockchain.Threads.TransactionThread.run(TransactionThread.java:59)
?[0;34mException in thread "Thread-3425" java.lang.RuntimeException: java.lang.InterruptedException: sleep interrupted
?[0m?[0;34m	at blockchain.Threads.TransactionThread.run(TransactionThread.java:61)
?[0m?[0;34mCaused by: java.lang.InterruptedException: sleep interrupted
?[0m?[0;34m	at java.base/java.lang.Thread.sleep(Native Method)
?[0m?[0;34m	at blockchain.Threads.TransactionThread.run(TransactionThread.java:59)
?[0;34mException in thread "Thread-3423" java.lang.RuntimeException: java.lang.InterruptedException: sleep interrupted
?[0m?[0;34m	at blockchain.Threads.TransactionThread.run(TransactionThread.java:61)
?[0m?[0;34mCaused by: java.lang.InterruptedException: sleep interrupted
?[0m?[0;34m	at java.base/java.lang.Thread.sleep(Native Method)
?[0m?[0;34m	at blockchain.Threads.TransactionThread.run(TransactionThread.java:59)
?[0;34mException in thread "Thread-3432" java.lang.RuntimeException: java.lang.InterruptedException: sleep interrupted
?[0m?[0;34m	at blockchain.Threads.TransactionThread.run(TransactionThread.java:61)
?[0m?[0;34mCaused by: java.lang.InterruptedException: sleep interrupted
?[0m?[0;34m	at java.base/java.lang.Thread.sleep(Native Method)
?[0m?[0;34m	at blockchain.Threads.TransactionThread.run(TransactionThread.java:59)
?[0;34mException in thread "Thread-3422" java.lang.RuntimeException: java.lang.InterruptedException: sleep interrupted
?[0m?[0;34m	at blockchain.Threads.TransactionThread.run(TransactionThread.java:61)
?[0m?[0;34mCaused by: java.lang.InterruptedException: sleep interrupted
?[0m?[0;34m	at java.base/java.lang.Thread.sleep(Native Method)
?[0m?[0;34m	at blockchain.Threads.TransactionThread.run(TransactionThread.java:59)
?[0;34mException in thread "Thread-3420" java.lang.RuntimeException: java.lang.InterruptedException: sleep interrupted
?[0m?[0;34m	at blockchain.Threads.TransactionThread.run(TransactionThread.java:61)
?[0m?[0;34mCaused by: java.lang.InterruptedException: sleep interrupted
?[0m?[0;34m	at java.base/java.lang.Thread.sleep(Native Method)
?[0m?[0;34m	at blockchain.Threads.TransactionThread.run(TransactionThread.java:59)
?[0;34mException in thread "Thread-3417" java.lang.RuntimeException: java.lang.InterruptedException: sleep interrupted
?[0m?[0;34m	at blockchain.Threads.TransactionThread.run(TransactionThread.java:61)
?[0m?[0;34mCaused by: java.lang.InterruptedException: sleep interrupted
?[0m?[0;34m	at java.base/java.lang.Thread.sleep(Native Method)
?[0m?[0;34m	at blockchain.Threads.TransactionThread.run(TransactionThread.java:59)
?[0;34mException in thread "Thread-3395" java.lang.RuntimeException: java.lang.InterruptedException: sleep interrupted
?[0m?[0;34m	at blockchain.Threads.TransactionThread.run(TransactionThread.java:61)
?[0m?[0;34mCaused by: java.lang.InterruptedException: sleep interrupted
?[0m?[0;34m	at java.base/java.lang.Thread.sleep(Native Method)
?[0m?[0;34m	at blockchain.Threads.TransactionThread.run(TransactionThread.java:59)
?[0;34mException in thread "Thread-3378" java.lang.RuntimeException: java.lang.InterruptedException: sleep interrupted
?[0m?[0;34m	at blockchain.Threads.TransactionThread.run(TransactionThread.java:61)
?[0m?[0;34mCaused by: java.lang.InterruptedException: sleep interrupted
?[0m?[0;34m	at java.base/java.lang.Thread.sleep(Native Method)
?[0m?[0;34m	at blockchain.Threads.TransactionThread.run(TransactionThread.java:59)
?[0;34mException in thread "Thread-3419" java.lang.RuntimeException: java.lang.InterruptedException: sleep interrupted
?[0m?[0;34m	at blockchain.Threads.TransactionThread.run(TransactionThread.java:61)
?[0m?[0;34mCaused by: java.lang.InterruptedException: sleep interrupted
?[0m?[0;34m	at java.base/java.lang.Thread.sleep(Native Method)
?[0m?[0;34m	at blockchain.Threads.TransactionThread.run(TransactionThread.java:59)
?[0;34mException in thread "Thread-3393" java.lang.RuntimeException: java.lang.InterruptedException: sleep interrupted
?[0m?[0;34m	at blockchain.Threads.TransactionThread.run(TransactionThread.java:61)
?[0m?[0;34mCaused by: java.lang.InterruptedException: sleep interrupted
?[0m?[0;34m	at java.base/java.lang.Thread.sleep(Native Method)
?[0m?[0;34m	at blockchain.Threads.TransactionThread.run(TransactionThread.java:59)
?[0;34mException in thread "Thread-3400" java.lang.RuntimeException: java.lang.InterruptedException: sleep interrupted
?[0m?[0;34m	at blockchain.Threads.TransactionThread.run(TransactionThread.java:61)
?[0m?[0;34mCaused by: java.lang.InterruptedException: sleep interrupted
?[0m?[0;34m	at java.base/java.lang.Thread.sleep(Native Method)
?[0m?[0;34m	at blockchain.Threads.TransactionThread.run(TransactionThread.java:59)
?[0;34mException in thread "Thread-3388" java.lang.RuntimeException: java.lang.InterruptedException: sleep interrupted
?[0m?[0;34m	at blockchain.Threads.TransactionThread.run(TransactionThread.java:61)
?[0m?[0;34mCaused by: java.lang.InterruptedException: sleep interrupted
?[0m?[0;34m	at java.base/java.lang.Thread.sleep(Native Method)
?[0m?[0;34m	at blockchain.Threads.TransactionThread.run(TransactionThread.java:59)
?[0;34mException in thread "Thread-3394" java.lang.RuntimeException: java.lang.InterruptedException: sleep interrupted
?[0m?[0;34m	at blockchain.Threads.TransactionThread.run(TransactionThread.java:61)
?[0m?[0;34mCaused by: java.lang.InterruptedException: sleep interrupted
?[0m?[0;34m	at java.base/java.lang.Thread.sleep(Native Method)
?[0m?[0;34m	at blockchain.Threads.TransactionThread.run(TransactionThread.java:59)
?[0;34mException in thread "Thread-3391" java.lang.RuntimeException: java.lang.InterruptedException: sleep interrupted
?[0m?[0;34m	at blockchain.Threads.TransactionThread.run(TransactionThread.java:61)
?[0m?[0;34mCaused by: java.lang.InterruptedException: sleep interrupted
?[0m?[0;34m	at java.base/java.lang.Thread.sleep(Native Method)
?[0m?[0;34m	at blockchain.Threads.TransactionThread.run(TransactionThread.java:59)
?[0;34mException in thread "Thread-5298" java.lang.RuntimeException: java.lang.InterruptedException: sleep interrupted
?[0m?[0;34m	at blockchain.Threads.TransactionThread.run(TransactionThread.java:61)
?[0m?[0;34mCaused by: java.lang.InterruptedException: sleep interrupted
?[0m?[0;34m	at java.base/java.lang.Thread.sleep(Native Method)
?[0m?[0;34m	at blockchain.Threads.TransactionThread.run(TransactionThread.java:59)
?[0;34mException in thread "Thread-5288" java.lang.RuntimeException: java.lang.InterruptedException: sleep interrupted
?[0m?[0;34m	at blockchain.Threads.TransactionThread.run(TransactionThread.java:61)
?[0m?[0;34mCaused by: java.lang.InterruptedException: sleep interrupted
?[0m?[0;34m	at java.base/java.lang.Thread.sleep(Native Method)
?[0m?[0;34m	at blockchain.Threads.TransactionThread.run(TransactionThread.java:59)
?[0;34mException in thread "Thread-5287" java.lang.RuntimeException: java.lang.InterruptedException: sleep interrupted
?[0m?[0;34m	at blockchain.Threads.TransactionThread.run(TransactionThread.java:61)
?[0m?[0;34mCaused by: java.lang.InterruptedException: sleep interrupted
?[0m?[0;34m	at java.base/java.lang.Thread.sleep(Native Method)
?[0m?[0;34m	at blockchain.Threads.TransactionThread.run(TransactionThread.java:59)
java.lang.RuntimeException: java.lang.InterruptedException: sleep interrupted
	at blockchain.Threads.TransactionThread.run(TransactionThread.java:61)
Caused by: java.lang.InterruptedException: sleep interrupted
	at java.base/java.lang.Thread.sleep(Native Method)
	at blockchain.Threads.TransactionThread.run(TransactionThread.java:59)
java.lang.RuntimeException: java.lang.InterruptedException: sleep interrupted
	at blockchain.Threads.TransactionThread.run(TransactionThread.java:61)
Caused by: java.lang.InterruptedException: sleep interrupted
	at java.base/java.lang.Thread.sleep(Native Method)
	at blockchain.Threads.TransactionThread.run(TransactionThread.java:59)
java.lang.RuntimeException: java.lang.InterruptedException: sleep interrupted
	at blockchain.Threads.TransactionThread.run(TransactionThread.java:61)
Caused by: java.lang.InterruptedException: sleep interrupted
	at java.base/java.lang.Thread.sleep(Native Method)
	at blockchain.Threads.TransactionThread.run(TransactionThread.java:59)
java.lang.RuntimeException: java.lang.InterruptedException: sleep interrupted
	at blockchain.Threads.TransactionThread.run(TransactionThread.java:61)
Caused by: java.lang.InterruptedException: sleep interrupted
	at java.base/java.lang.Thread.sleep(Native Method)
	at blockchain.Threads.TransactionThread.run(TransactionThread.java:59)
java.lang.RuntimeException: java.lang.InterruptedException: sleep interrupted
	at blockchain.Threads.TransactionThread.run(TransactionThread.java:61)
Caused by: java.lang.InterruptedException: sleep interrupted
	at java.base/java.lang.Thread.sleep(Native Method)
	at blockchain.Threads.TransactionThread.run(TransactionThread.java:59)
java.lang.RuntimeException: java.lang.InterruptedException: sleep interrupted
	at blockchain.Threads.TransactionThread.run(TransactionThread.java:61)
Caused by: java.lang.InterruptedException: sleep interrupted
	at java.base/java.lang.Thread.sleep(Native Method)
	at blockchain.Threads.TransactionThread.run(TransactionThread.java:59)
java.lang.RuntimeException: java.lang.InterruptedException: sleep interrupted
	at blockchain.Threads.TransactionThread.run(TransactionThread.java:61)
Caused by: java.lang.InterruptedException: sleep interrupted
	at java.base/java.lang.Thread.sleep(Native Method)
	at blockchain.Threads.TransactionThread.run(TransactionThread.java:59)
java.lang.RuntimeException: java.lang.InterruptedException: sleep interrupted
	at blockchain.Threads.TransactionThread.run(TransactionThread.java:61)
Caused by: java.lang.InterruptedException: sleep interrupted
	at java.base/java.lang.Thread.sleep(Native Method)
	at blockchain.Threads.TransactionThread.run(TransactionThread.java:59)
java.lang.RuntimeException: java.lang.InterruptedException: sleep interrupted
	at blockchain.Threads.TransactionThread.run(TransactionThread.java:61)
Caused by: java.lang.InterruptedException: sleep interrupted
	at java.base/java.lang.Thread.sleep(Native Method)
	at blockchain.Threads.TransactionThread.run(TransactionThread.java:59)
java.lang.RuntimeException: java.lang.InterruptedException: sleep interrupted
	at blockchain.Threads.TransactionThread.run(TransactionThread.java:61)
Caused by: java.lang.InterruptedException: sleep interrupted
	at java.base/java.lang.Thread.sleep(Native Method)
	at blockchain.Threads.TransactionThread.run(TransactionThread.java:59)
java.lang.RuntimeException: java.lang.InterruptedException: sleep interrupted
	at blockchain.Threads.TransactionThread.run(TransactionThread.java:61)
Caused by: java.lang.InterruptedException: sleep interrupted
	at java.base/java.lang.Thread.sleep(Native Method)
	at blockchain.Threads.TransactionThread.run(TransactionThread.java:59)
java.lang.RuntimeException: java.lang.InterruptedException: sleep interrupted
	at blockchain.Threads.TransactionThread.run(TransactionThread.java:61)
Caused by: java.lang.InterruptedException: sleep interrupted
	at java.base/java.lang.Thread.sleep(Native Method)
	at blockchain.Threads.TransactionThread.run(TransactionThread.java:59)
java.lang.RuntimeException: java.lang.InterruptedException: sleep interrupted
	at blockchain.Threads.TransactionThread.run(TransactionThread.java:61)
Caused by: java.lang.InterruptedException: sleep interrupted
	at java.base/java.lang.Thread.sleep(Native Method)
	at blockchain.Threads.TransactionThread.run(TransactionThread.java:59)
java.lang.RuntimeException: java.lang.InterruptedException: sleep interrupted
	at blockchain.Threads.TransactionThread.run(TransactionThread.java:61)
Caused by: java.lang.InterruptedException: sleep interrupted
	at java.base/java.lang.Thread.sleep(Native Method)
	at blockchain.Threads.TransactionThread.run(TransactionThread.java:59)
java.lang.RuntimeException: java.lang.InterruptedException: sleep interrupted
	at blockchain.Threads.TransactionThread.run(TransactionThread.java:61)
Caused by: java.lang.InterruptedException: sleep interrupted
	at java.base/java.lang.Thread.sleep(Native Method)
	at blockchain.Threads.TransactionThread.run(TransactionThread.java:59)
java.lang.RuntimeException: java.lang.InterruptedException: sleep interrupted
	at blockchain.Threads.TransactionThread.run(TransactionThread.java:61)
Caused by: java.lang.InterruptedException: sleep interrupted
	at java.base/java.lang.Thread.sleep(Native Method)
	at blockchain.Threads.TransactionThread.run(TransactionThread.java:59)
java.lang.RuntimeException: java.lang.InterruptedException: sleep interrupted
	at blockchain.Threads.TransactionThread.run(TransactionThread.java:61)
Caused by: java.lang.InterruptedException: sleep interrupted
	at java.base/java.lang.Thread.sleep(Native Method)
	at blockchain.Threads.TransactionThread.run(TransactionThread.java:59)
java.lang.RuntimeException: java.lang.InterruptedException: sleep interrupted
	at blockchain.Threads.TransactionThread.run(TransactionThread.java:61)
Caused by: java.lang.InterruptedException: sleep interrupted
	at java.base/java.lang.Thread.sleep(Native Method)
	at blockchain.Threads.TransactionThread.run(TransactionThread.java:59)
]]></system-err>
</testsuite>
